  [1m[35m (257.8ms)[0m  [1m[35mCREATE DATABASE "Capivara_development" ENCODING = 'unicode'[0m
  ↳ bin/rails:9
  [1m[35m (246.3ms)[0m  [1m[35mCREATE DATABASE "Capivara_test" ENCODING = 'unicode'[0m
  ↳ bin/rails:9
  [1m[35m (6.1ms)[0m  [1m[35mCREATE TABLE "schema_migrations" ("version" character varying NOT NULL PRIMARY KEY)[0m
  ↳ bin/rails:9
  [1m[35m (3.7ms)[0m  [1m[35mCREATE TABLE "ar_internal_metadata" ("key" character varying NOT NULL PRIMARY KEY, "value" character varying, "created_at" timestamp NOT NULL, "updated_at" timestamp NOT NULL)[0m
  ↳ bin/rails:9
  [1m[35m (0.2ms)[0m  [1m[34mSELECT pg_try_advisory_lock(6346767952435197840)[0m
  ↳ bin/rails:9
  [1m[35m (0.7ms)[0m  [1m[34mSELECT "schema_migrations"."version" FROM "schema_migrations" ORDER BY "schema_migrations"."version" ASC[0m
  ↳ bin/rails:9
Migrating to CreateUsers (20191002203527)
  [1m[35m (0.2ms)[0m  [1m[35mBEGIN[0m
  ↳ bin/rails:9
  [1m[35m (5.3ms)[0m  [1m[35mCREATE TABLE "users" ("id" bigserial primary key, "username" character varying NOT NULL, "password_digest" character varying NOT NULL, "session_token" character varying NOT NULL, "created_at" timestamp NOT NULL, "updated_at" timestamp NOT NULL)[0m
  ↳ db/migrate/20191002203527_create_users.rb:3
  [1m[35m (1.2ms)[0m  [1m[35mCREATE UNIQUE INDEX  "index_users_on_username" ON "users"  ("username")[0m
  ↳ db/migrate/20191002203527_create_users.rb:9
  [1m[35m (1.5ms)[0m  [1m[35mCREATE  INDEX  "index_users_on_session_token" ON "users"  ("session_token")[0m
  ↳ db/migrate/20191002203527_create_users.rb:10
  [1m[36mActiveRecord::SchemaMigration Create (0.7ms)[0m  [1m[32mINSERT INTO "schema_migrations" ("version") VALUES ($1) RETURNING "version"[0m  [["version", "20191002203527"]]
  ↳ bin/rails:9
  [1m[35m (0.5ms)[0m  [1m[35mCOMMIT[0m
  ↳ bin/rails:9
  [1m[36mActiveRecord::InternalMetadata Load (0.5ms)[0m  [1m[34mSELECT  "ar_internal_metadata".* FROM "ar_internal_metadata" WHERE "ar_internal_metadata"."key" = $1 LIMIT $2[0m  [["key", "environment"], ["LIMIT", 1]]
  ↳ bin/rails:9
  [1m[35m (0.3ms)[0m  [1m[35mBEGIN[0m
  ↳ bin/rails:9
  [1m[36mActiveRecord::InternalMetadata Create (2.2ms)[0m  [1m[32mINSERT INTO "ar_internal_metadata" ("key", "value", "created_at", "updated_at") VALUES ($1, $2, $3, $4) RETURNING "key"[0m  [["key", "environment"], ["value", "development"], ["created_at", "2019-10-02 20:38:19.976135"], ["updated_at", "2019-10-02 20:38:19.976135"]]
  ↳ bin/rails:9
  [1m[35m (0.4ms)[0m  [1m[35mCOMMIT[0m
  ↳ bin/rails:9
  [1m[35m (0.5ms)[0m  [1m[34mSELECT pg_advisory_unlock(6346767952435197840)[0m
  ↳ bin/rails:9
  [1m[35m (0.7ms)[0m  [1m[34mSELECT "schema_migrations"."version" FROM "schema_migrations" ORDER BY "schema_migrations"."version" ASC[0m
  ↳ bin/rails:9
  [1m[35m (1.1ms)[0m  [1m[34mSELECT "schema_migrations"."version" FROM "schema_migrations" ORDER BY "schema_migrations"."version" ASC[0m
  ↳ /Users/appacademy/.rbenv/versions/2.5.1/bin/annotate:23
  [1m[36mUser Load (3.8ms)[0m  [1m[34mSELECT  "users".* FROM "users" WHERE "users"."username" = $1 LIMIT $2[0m  [["username", "Wolfy5"], ["LIMIT", 1]]
  [1m[35m (0.2ms)[0m  [1m[35mBEGIN[0m
  [1m[36mUser Exists (1.6ms)[0m  [1m[34mSELECT  1 AS one FROM "users" WHERE "users"."username" = $1 LIMIT $2[0m  [["username", "Wolfy"], ["LIMIT", 1]]
  [1m[36mUser Create (1.8ms)[0m  [1m[32mINSERT INTO "users" ("username", "password_digest", "session_token", "created_at", "updated_at") VALUES ($1, $2, $3, $4, $5) RETURNING "id"[0m  [["username", "Wolfy"], ["password_digest", "$2a$12$AsKodMFs6zjZRarhnEdXk.Vnz7M5oky3MQR8yKqmyJAVTuamgCXXe"], ["session_token", "Id_7LiBQlNoO28ciEW6rqQ"], ["created_at", "2019-10-02 21:55:49.539859"], ["updated_at", "2019-10-02 21:55:49.539859"]]
  [1m[35m (1.2ms)[0m  [1m[35mCOMMIT[0m
  [1m[36mUser Load (1.0ms)[0m  [1m[34mSELECT "users".* FROM "users"[0m
  [1m[36mUser Load (0.8ms)[0m  [1m[34mSELECT  "users".* FROM "users" WHERE "users"."username" = $1 LIMIT $2[0m  [["username", "Wolfy"], ["LIMIT", 1]]
  [1m[35m (0.4ms)[0m  [1m[35mBEGIN[0m
  [1m[36mUser Exists (2.2ms)[0m  [1m[34mSELECT  1 AS one FROM "users" WHERE "users"."username" = $1 LIMIT $2[0m  [["username", "Christy"], ["LIMIT", 1]]
  [1m[36mUser Create (1.1ms)[0m  [1m[32mINSERT INTO "users" ("username", "password_digest", "session_token", "created_at", "updated_at") VALUES ($1, $2, $3, $4, $5) RETURNING "id"[0m  [["username", "Christy"], ["password_digest", "$2a$12$NPbsBbvMqPFy0pvuiPYDjewn.RFfKo0jce1yAKBjEV.OqQEqmx5Qq"], ["session_token", "5UpWtJyxkK29ye8kTom52g"], ["created_at", "2019-10-02 22:10:47.435893"], ["updated_at", "2019-10-02 22:10:47.435893"]]
  [1m[35m (4.0ms)[0m  [1m[35mCOMMIT[0m
  [1m[36mUser Load (0.4ms)[0m  [1m[34mSELECT  "users".* FROM "users" WHERE "users"."username" = $1 LIMIT $2[0m  [["username", "Christy"], ["LIMIT", 1]]
  [1m[36mUser Load (1.4ms)[0m  [1m[34mSELECT "users".* FROM "users"[0m
Started GET "/" for ::1 at 2019-10-02 15:38:22 -0700
  [1m[35m (1.1ms)[0m  [1m[34mSELECT "schema_migrations"."version" FROM "schema_migrations" ORDER BY "schema_migrations"."version" ASC[0m
  ↳ /Users/appacademy/.rbenv/versions/2.5.1/lib/ruby/gems/2.5.0/gems/activerecord-5.2.3/lib/active_record/log_subscriber.rb:98
Processing by Rails::WelcomeController#index as HTML
  Rendering /Users/appacademy/.rbenv/versions/2.5.1/lib/ruby/gems/2.5.0/gems/railties-5.2.3/lib/rails/templates/rails/welcome/index.html.erb
  Rendered /Users/appacademy/.rbenv/versions/2.5.1/lib/ruby/gems/2.5.0/gems/railties-5.2.3/lib/rails/templates/rails/welcome/index.html.erb (4.4ms)
Completed 200 OK in 17ms (Views: 10.7ms | ActiveRecord: 0.0ms)


Started GET "/users" for ::1 at 2019-10-02 15:38:25 -0700
Processing by UsersController#index as HTML
  Rendering users/index.html.erb within layouts/application
  Rendered users/index.html.erb within layouts/application (0.8ms)
Completed 200 OK in 784ms (Views: 780.6ms | ActiveRecord: 0.0ms)


Started GET "/users" for ::1 at 2019-10-02 15:39:41 -0700
Processing by UsersController#index as HTML
  Rendering users/index.html.erb within layouts/application
  [1m[36mUser Load (1.5ms)[0m  [1m[34mSELECT "users".* FROM "users"[0m
  ↳ app/views/users/index.html.erb:2
  Rendered users/index.html.erb within layouts/application (26.6ms)
Completed 200 OK in 85ms (Views: 69.0ms | ActiveRecord: 13.3ms)


Started GET "/users/1" for ::1 at 2019-10-02 15:40:35 -0700
Processing by UsersController#show as HTML
  Parameters: {"id"=>"1"}
  [1m[36mUser Load (0.4ms)[0m  [1m[34mSELECT  "users".* FROM "users" WHERE "users"."id" = $1 LIMIT $2[0m  [["id", 1], ["LIMIT", 1]]
  ↳ app/controllers/users_controller.rb:8
Redirected to http://localhost:3000/users/1
Completed 302 Found in 28ms (ActiveRecord: 8.0ms)


Started GET "/users/1" for ::1 at 2019-10-02 15:40:35 -0700
Processing by UsersController#show as HTML
  Parameters: {"id"=>"1"}
  [1m[36mUser Load (0.4ms)[0m  [1m[34mSELECT  "users".* FROM "users" WHERE "users"."id" = $1 LIMIT $2[0m  [["id", 1], ["LIMIT", 1]]
  ↳ app/controllers/users_controller.rb:8
Redirected to http://localhost:3000/users/1
Completed 302 Found in 2ms (ActiveRecord: 0.4ms)


Started GET "/users/1" for ::1 at 2019-10-02 15:40:35 -0700
Processing by UsersController#show as HTML
  Parameters: {"id"=>"1"}
  [1m[36mUser Load (0.9ms)[0m  [1m[34mSELECT  "users".* FROM "users" WHERE "users"."id" = $1 LIMIT $2[0m  [["id", 1], ["LIMIT", 1]]
  ↳ app/controllers/users_controller.rb:8
Redirected to http://localhost:3000/users/1
Completed 302 Found in 3ms (ActiveRecord: 0.9ms)


Started GET "/users/1" for ::1 at 2019-10-02 15:40:35 -0700
Processing by UsersController#show as HTML
  Parameters: {"id"=>"1"}
  [1m[36mUser Load (0.4ms)[0m  [1m[34mSELECT  "users".* FROM "users" WHERE "users"."id" = $1 LIMIT $2[0m  [["id", 1], ["LIMIT", 1]]
  ↳ app/controllers/users_controller.rb:8
Redirected to http://localhost:3000/users/1
Completed 302 Found in 2ms (ActiveRecord: 0.4ms)


Started GET "/users/1" for ::1 at 2019-10-02 15:40:35 -0700
Processing by UsersController#show as HTML
  Parameters: {"id"=>"1"}
  [1m[36mUser Load (0.5ms)[0m  [1m[34mSELECT  "users".* FROM "users" WHERE "users"."id" = $1 LIMIT $2[0m  [["id", 1], ["LIMIT", 1]]
  ↳ app/controllers/users_controller.rb:8
Redirected to http://localhost:3000/users/1
Completed 302 Found in 2ms (ActiveRecord: 0.5ms)


Started GET "/users/1" for ::1 at 2019-10-02 15:40:35 -0700
Processing by UsersController#show as HTML
  Parameters: {"id"=>"1"}
  [1m[36mUser Load (0.5ms)[0m  [1m[34mSELECT  "users".* FROM "users" WHERE "users"."id" = $1 LIMIT $2[0m  [["id", 1], ["LIMIT", 1]]
  ↳ app/controllers/users_controller.rb:8
Redirected to http://localhost:3000/users/1
Completed 302 Found in 2ms (ActiveRecord: 0.5ms)


Started GET "/users/1" for ::1 at 2019-10-02 15:40:35 -0700
Processing by UsersController#show as HTML
  Parameters: {"id"=>"1"}
  [1m[36mUser Load (0.3ms)[0m  [1m[34mSELECT  "users".* FROM "users" WHERE "users"."id" = $1 LIMIT $2[0m  [["id", 1], ["LIMIT", 1]]
  ↳ app/controllers/users_controller.rb:8
Redirected to http://localhost:3000/users/1
Completed 302 Found in 2ms (ActiveRecord: 0.3ms)


Started GET "/users/1" for ::1 at 2019-10-02 15:40:35 -0700
Processing by UsersController#show as HTML
  Parameters: {"id"=>"1"}
  [1m[36mUser Load (0.4ms)[0m  [1m[34mSELECT  "users".* FROM "users" WHERE "users"."id" = $1 LIMIT $2[0m  [["id", 1], ["LIMIT", 1]]
  ↳ app/controllers/users_controller.rb:8
Redirected to http://localhost:3000/users/1
Completed 302 Found in 2ms (ActiveRecord: 0.4ms)


Started GET "/users/1" for ::1 at 2019-10-02 15:40:35 -0700
Processing by UsersController#show as HTML
  Parameters: {"id"=>"1"}
  [1m[36mUser Load (0.3ms)[0m  [1m[34mSELECT  "users".* FROM "users" WHERE "users"."id" = $1 LIMIT $2[0m  [["id", 1], ["LIMIT", 1]]
  ↳ app/controllers/users_controller.rb:8
Redirected to http://localhost:3000/users/1
Completed 302 Found in 2ms (ActiveRecord: 0.3ms)


Started GET "/users/1" for ::1 at 2019-10-02 15:40:35 -0700
Processing by UsersController#show as HTML
  Parameters: {"id"=>"1"}
  [1m[36mUser Load (0.3ms)[0m  [1m[34mSELECT  "users".* FROM "users" WHERE "users"."id" = $1 LIMIT $2[0m  [["id", 1], ["LIMIT", 1]]
  ↳ app/controllers/users_controller.rb:8
Redirected to http://localhost:3000/users/1
Completed 302 Found in 2ms (ActiveRecord: 0.3ms)


Started GET "/users/1" for ::1 at 2019-10-02 15:40:35 -0700
Processing by UsersController#show as HTML
  Parameters: {"id"=>"1"}
  [1m[36mUser Load (0.3ms)[0m  [1m[34mSELECT  "users".* FROM "users" WHERE "users"."id" = $1 LIMIT $2[0m  [["id", 1], ["LIMIT", 1]]
  ↳ app/controllers/users_controller.rb:8
Redirected to http://localhost:3000/users/1
Completed 302 Found in 1ms (ActiveRecord: 0.3ms)


Started GET "/users/1" for ::1 at 2019-10-02 15:40:35 -0700
Processing by UsersController#show as HTML
  Parameters: {"id"=>"1"}
  [1m[36mUser Load (0.4ms)[0m  [1m[34mSELECT  "users".* FROM "users" WHERE "users"."id" = $1 LIMIT $2[0m  [["id", 1], ["LIMIT", 1]]
  ↳ app/controllers/users_controller.rb:8
Redirected to http://localhost:3000/users/1
Completed 302 Found in 2ms (ActiveRecord: 0.4ms)


Started GET "/users/1" for ::1 at 2019-10-02 15:40:35 -0700
Processing by UsersController#show as HTML
  Parameters: {"id"=>"1"}
  [1m[36mUser Load (0.3ms)[0m  [1m[34mSELECT  "users".* FROM "users" WHERE "users"."id" = $1 LIMIT $2[0m  [["id", 1], ["LIMIT", 1]]
  ↳ app/controllers/users_controller.rb:8
Redirected to http://localhost:3000/users/1
Completed 302 Found in 1ms (ActiveRecord: 0.3ms)


Started GET "/users/1" for ::1 at 2019-10-02 15:40:35 -0700
Processing by UsersController#show as HTML
  Parameters: {"id"=>"1"}
  [1m[36mUser Load (0.4ms)[0m  [1m[34mSELECT  "users".* FROM "users" WHERE "users"."id" = $1 LIMIT $2[0m  [["id", 1], ["LIMIT", 1]]
  ↳ app/controllers/users_controller.rb:8
Redirected to http://localhost:3000/users/1
Completed 302 Found in 2ms (ActiveRecord: 0.4ms)


Started GET "/users/1" for ::1 at 2019-10-02 15:40:35 -0700
Processing by UsersController#show as HTML
  Parameters: {"id"=>"1"}
  [1m[36mUser Load (0.3ms)[0m  [1m[34mSELECT  "users".* FROM "users" WHERE "users"."id" = $1 LIMIT $2[0m  [["id", 1], ["LIMIT", 1]]
  ↳ app/controllers/users_controller.rb:8
Redirected to http://localhost:3000/users/1
Completed 302 Found in 1ms (ActiveRecord: 0.3ms)


Started GET "/users/1" for ::1 at 2019-10-02 15:40:35 -0700
Processing by UsersController#show as HTML
  Parameters: {"id"=>"1"}
  [1m[36mUser Load (0.3ms)[0m  [1m[34mSELECT  "users".* FROM "users" WHERE "users"."id" = $1 LIMIT $2[0m  [["id", 1], ["LIMIT", 1]]
  ↳ app/controllers/users_controller.rb:8
Redirected to http://localhost:3000/users/1
Completed 302 Found in 2ms (ActiveRecord: 0.3ms)


Started GET "/users/1" for ::1 at 2019-10-02 15:40:35 -0700
Processing by UsersController#show as HTML
  Parameters: {"id"=>"1"}
  [1m[36mUser Load (0.3ms)[0m  [1m[34mSELECT  "users".* FROM "users" WHERE "users"."id" = $1 LIMIT $2[0m  [["id", 1], ["LIMIT", 1]]
  ↳ app/controllers/users_controller.rb:8
Redirected to http://localhost:3000/users/1
Completed 302 Found in 2ms (ActiveRecord: 0.3ms)


Started GET "/users/1" for ::1 at 2019-10-02 15:40:35 -0700
Processing by UsersController#show as HTML
  Parameters: {"id"=>"1"}
  [1m[36mUser Load (0.3ms)[0m  [1m[34mSELECT  "users".* FROM "users" WHERE "users"."id" = $1 LIMIT $2[0m  [["id", 1], ["LIMIT", 1]]
  ↳ app/controllers/users_controller.rb:8
Redirected to http://localhost:3000/users/1
Completed 302 Found in 1ms (ActiveRecord: 0.3ms)


Started GET "/users/1" for ::1 at 2019-10-02 15:40:35 -0700
Processing by UsersController#show as HTML
  Parameters: {"id"=>"1"}
  [1m[36mUser Load (0.3ms)[0m  [1m[34mSELECT  "users".* FROM "users" WHERE "users"."id" = $1 LIMIT $2[0m  [["id", 1], ["LIMIT", 1]]
  ↳ app/controllers/users_controller.rb:8
Redirected to http://localhost:3000/users/1
Completed 302 Found in 2ms (ActiveRecord: 0.3ms)


Started GET "/users/1" for ::1 at 2019-10-02 15:40:35 -0700
Processing by UsersController#show as HTML
  Parameters: {"id"=>"1"}
  [1m[36mUser Load (0.3ms)[0m  [1m[34mSELECT  "users".* FROM "users" WHERE "users"."id" = $1 LIMIT $2[0m  [["id", 1], ["LIMIT", 1]]
  ↳ app/controllers/users_controller.rb:8
Redirected to http://localhost:3000/users/1
Completed 302 Found in 1ms (ActiveRecord: 0.3ms)


Started GET "/users/1" for ::1 at 2019-10-02 15:40:36 -0700
Processing by UsersController#show as HTML
  Parameters: {"id"=>"1"}
  [1m[36mUser Load (0.4ms)[0m  [1m[34mSELECT  "users".* FROM "users" WHERE "users"."id" = $1 LIMIT $2[0m  [["id", 1], ["LIMIT", 1]]
  ↳ app/controllers/users_controller.rb:8
Redirected to http://localhost:3000/users/1
Completed 302 Found in 2ms (ActiveRecord: 0.4ms)


Started GET "/users/1" for ::1 at 2019-10-02 15:40:36 -0700
Processing by UsersController#show as HTML
  Parameters: {"id"=>"1"}
  [1m[36mUser Load (0.4ms)[0m  [1m[34mSELECT  "users".* FROM "users" WHERE "users"."id" = $1 LIMIT $2[0m  [["id", 1], ["LIMIT", 1]]
  ↳ app/controllers/users_controller.rb:8
Redirected to http://localhost:3000/users/1
Completed 302 Found in 2ms (ActiveRecord: 0.4ms)


Started GET "/users/1" for ::1 at 2019-10-02 15:40:36 -0700
Processing by UsersController#show as HTML
  Parameters: {"id"=>"1"}
  [1m[36mUser Load (0.4ms)[0m  [1m[34mSELECT  "users".* FROM "users" WHERE "users"."id" = $1 LIMIT $2[0m  [["id", 1], ["LIMIT", 1]]
  ↳ app/controllers/users_controller.rb:8
Redirected to http://localhost:3000/users/1
Completed 302 Found in 6ms (ActiveRecord: 0.4ms)


Started GET "/users/1" for ::1 at 2019-10-02 15:40:36 -0700
Processing by UsersController#show as HTML
  Parameters: {"id"=>"1"}
  [1m[36mUser Load (0.4ms)[0m  [1m[34mSELECT  "users".* FROM "users" WHERE "users"."id" = $1 LIMIT $2[0m  [["id", 1], ["LIMIT", 1]]
  ↳ app/controllers/users_controller.rb:8
Redirected to http://localhost:3000/users/1
Completed 302 Found in 2ms (ActiveRecord: 0.4ms)


Started GET "/users/1" for ::1 at 2019-10-02 15:40:36 -0700
Processing by UsersController#show as HTML
  Parameters: {"id"=>"1"}
  [1m[36mUser Load (0.4ms)[0m  [1m[34mSELECT  "users".* FROM "users" WHERE "users"."id" = $1 LIMIT $2[0m  [["id", 1], ["LIMIT", 1]]
  ↳ app/controllers/users_controller.rb:8
Redirected to http://localhost:3000/users/1
Completed 302 Found in 2ms (ActiveRecord: 0.4ms)


Started GET "/users/1" for ::1 at 2019-10-02 15:40:36 -0700
Processing by UsersController#show as HTML
  Parameters: {"id"=>"1"}
  [1m[36mUser Load (0.4ms)[0m  [1m[34mSELECT  "users".* FROM "users" WHERE "users"."id" = $1 LIMIT $2[0m  [["id", 1], ["LIMIT", 1]]
  ↳ app/controllers/users_controller.rb:8
Redirected to http://localhost:3000/users/1
Completed 302 Found in 2ms (ActiveRecord: 0.4ms)


Started GET "/users/1" for ::1 at 2019-10-02 15:40:36 -0700
Processing by UsersController#show as HTML
  Parameters: {"id"=>"1"}
  [1m[36mUser Load (0.4ms)[0m  [1m[34mSELECT  "users".* FROM "users" WHERE "users"."id" = $1 LIMIT $2[0m  [["id", 1], ["LIMIT", 1]]
  ↳ app/controllers/users_controller.rb:8
Redirected to http://localhost:3000/users/1
Completed 302 Found in 2ms (ActiveRecord: 0.4ms)


Started GET "/users/1" for ::1 at 2019-10-02 15:40:36 -0700
Processing by UsersController#show as HTML
  Parameters: {"id"=>"1"}
  [1m[36mUser Load (0.3ms)[0m  [1m[34mSELECT  "users".* FROM "users" WHERE "users"."id" = $1 LIMIT $2[0m  [["id", 1], ["LIMIT", 1]]
  ↳ app/controllers/users_controller.rb:8
Redirected to http://localhost:3000/users/1
Completed 302 Found in 2ms (ActiveRecord: 0.3ms)


Started GET "/users/1" for ::1 at 2019-10-02 15:40:36 -0700
Processing by UsersController#show as HTML
  Parameters: {"id"=>"1"}
  [1m[36mUser Load (0.3ms)[0m  [1m[34mSELECT  "users".* FROM "users" WHERE "users"."id" = $1 LIMIT $2[0m  [["id", 1], ["LIMIT", 1]]
  ↳ app/controllers/users_controller.rb:8
Redirected to http://localhost:3000/users/1
Completed 302 Found in 2ms (ActiveRecord: 0.3ms)


Started GET "/users/1" for ::1 at 2019-10-02 15:40:36 -0700
Processing by UsersController#show as HTML
  Parameters: {"id"=>"1"}
  [1m[36mUser Load (0.3ms)[0m  [1m[34mSELECT  "users".* FROM "users" WHERE "users"."id" = $1 LIMIT $2[0m  [["id", 1], ["LIMIT", 1]]
  ↳ app/controllers/users_controller.rb:8
Redirected to http://localhost:3000/users/1
Completed 302 Found in 2ms (ActiveRecord: 0.3ms)


Started GET "/users/1" for ::1 at 2019-10-02 15:40:36 -0700
Processing by UsersController#show as HTML
  Parameters: {"id"=>"1"}
  [1m[36mUser Load (0.3ms)[0m  [1m[34mSELECT  "users".* FROM "users" WHERE "users"."id" = $1 LIMIT $2[0m  [["id", 1], ["LIMIT", 1]]
  ↳ app/controllers/users_controller.rb:8
Redirected to http://localhost:3000/users/1
Completed 302 Found in 2ms (ActiveRecord: 0.3ms)


Started GET "/users/1" for ::1 at 2019-10-02 15:40:36 -0700
Processing by UsersController#show as HTML
  Parameters: {"id"=>"1"}
  [1m[36mUser Load (0.3ms)[0m  [1m[34mSELECT  "users".* FROM "users" WHERE "users"."id" = $1 LIMIT $2[0m  [["id", 1], ["LIMIT", 1]]
  ↳ app/controllers/users_controller.rb:8
Redirected to http://localhost:3000/users/1
Completed 302 Found in 2ms (ActiveRecord: 0.3ms)


Started GET "/users/1" for ::1 at 2019-10-02 15:40:36 -0700
Processing by UsersController#show as HTML
  Parameters: {"id"=>"1"}
  [1m[36mUser Load (0.4ms)[0m  [1m[34mSELECT  "users".* FROM "users" WHERE "users"."id" = $1 LIMIT $2[0m  [["id", 1], ["LIMIT", 1]]
  ↳ app/controllers/users_controller.rb:8
Redirected to http://localhost:3000/users/1
Completed 302 Found in 2ms (ActiveRecord: 0.4ms)


Started GET "/users/1" for ::1 at 2019-10-02 15:40:36 -0700
Processing by UsersController#show as HTML
  Parameters: {"id"=>"1"}
  [1m[36mUser Load (0.3ms)[0m  [1m[34mSELECT  "users".* FROM "users" WHERE "users"."id" = $1 LIMIT $2[0m  [["id", 1], ["LIMIT", 1]]
  ↳ app/controllers/users_controller.rb:8
Redirected to http://localhost:3000/users/1
Completed 302 Found in 7ms (ActiveRecord: 0.3ms)


Started GET "/users/1" for ::1 at 2019-10-02 15:40:36 -0700
Processing by UsersController#show as HTML
  Parameters: {"id"=>"1"}
  [1m[36mUser Load (0.3ms)[0m  [1m[34mSELECT  "users".* FROM "users" WHERE "users"."id" = $1 LIMIT $2[0m  [["id", 1], ["LIMIT", 1]]
  ↳ app/controllers/users_controller.rb:8
Redirected to http://localhost:3000/users/1
Completed 302 Found in 2ms (ActiveRecord: 0.3ms)


Started GET "/users/1" for ::1 at 2019-10-02 15:40:36 -0700
Processing by UsersController#show as HTML
  Parameters: {"id"=>"1"}
  [1m[36mUser Load (0.4ms)[0m  [1m[34mSELECT  "users".* FROM "users" WHERE "users"."id" = $1 LIMIT $2[0m  [["id", 1], ["LIMIT", 1]]
  ↳ app/controllers/users_controller.rb:8
Redirected to http://localhost:3000/users/1
Completed 302 Found in 2ms (ActiveRecord: 0.4ms)


Started GET "/users/1" for ::1 at 2019-10-02 15:40:36 -0700
Processing by UsersController#show as HTML
  Parameters: {"id"=>"1"}
  [1m[36mUser Load (0.4ms)[0m  [1m[34mSELECT  "users".* FROM "users" WHERE "users"."id" = $1 LIMIT $2[0m  [["id", 1], ["LIMIT", 1]]
  ↳ app/controllers/users_controller.rb:8
Redirected to http://localhost:3000/users/1
Completed 302 Found in 2ms (ActiveRecord: 0.4ms)


Started GET "/users/1" for ::1 at 2019-10-02 15:40:36 -0700
Processing by UsersController#show as HTML
  Parameters: {"id"=>"1"}
  [1m[36mUser Load (0.4ms)[0m  [1m[34mSELECT  "users".* FROM "users" WHERE "users"."id" = $1 LIMIT $2[0m  [["id", 1], ["LIMIT", 1]]
  ↳ app/controllers/users_controller.rb:8
Redirected to http://localhost:3000/users/1
Completed 302 Found in 2ms (ActiveRecord: 0.4ms)


Started GET "/users/1" for ::1 at 2019-10-02 15:40:36 -0700
Processing by UsersController#show as HTML
  Parameters: {"id"=>"1"}
  [1m[36mUser Load (0.5ms)[0m  [1m[34mSELECT  "users".* FROM "users" WHERE "users"."id" = $1 LIMIT $2[0m  [["id", 1], ["LIMIT", 1]]
  ↳ app/controllers/users_controller.rb:8
Redirected to http://localhost:3000/users/1
Completed 302 Found in 2ms (ActiveRecord: 0.5ms)


Started GET "/users/1" for ::1 at 2019-10-02 15:40:36 -0700
Processing by UsersController#show as HTML
  Parameters: {"id"=>"1"}
  [1m[36mUser Load (0.3ms)[0m  [1m[34mSELECT  "users".* FROM "users" WHERE "users"."id" = $1 LIMIT $2[0m  [["id", 1], ["LIMIT", 1]]
  ↳ app/controllers/users_controller.rb:8
Redirected to http://localhost:3000/users/1
Completed 302 Found in 2ms (ActiveRecord: 0.3ms)


Started GET "/users" for ::1 at 2019-10-02 15:41:22 -0700
Processing by UsersController#index as HTML
  Rendering users/index.html.erb within layouts/application
  [1m[36mUser Load (0.5ms)[0m  [1m[34mSELECT "users".* FROM "users"[0m
  ↳ app/views/users/index.html.erb:2
  Rendered users/index.html.erb within layouts/application (2.2ms)
Completed 200 OK in 46ms (Views: 44.6ms | ActiveRecord: 0.5ms)


Started GET "/users/1" for ::1 at 2019-10-02 15:41:24 -0700
Processing by UsersController#show as HTML
  Parameters: {"id"=>"1"}
  [1m[36mUser Load (0.3ms)[0m  [1m[34mSELECT  "users".* FROM "users" WHERE "users"."id" = $1 LIMIT $2[0m  [["id", 1], ["LIMIT", 1]]
  ↳ app/controllers/users_controller.rb:8
Redirected to http://localhost:3000/users/1
Completed 302 Found in 24ms (ActiveRecord: 9.0ms)


Started GET "/users/1" for ::1 at 2019-10-02 15:41:24 -0700
Processing by UsersController#show as HTML
  Parameters: {"id"=>"1"}
  [1m[36mUser Load (0.4ms)[0m  [1m[34mSELECT  "users".* FROM "users" WHERE "users"."id" = $1 LIMIT $2[0m  [["id", 1], ["LIMIT", 1]]
  ↳ app/controllers/users_controller.rb:8
Redirected to http://localhost:3000/users/1
Completed 302 Found in 2ms (ActiveRecord: 0.4ms)


Started GET "/users/1" for ::1 at 2019-10-02 15:41:24 -0700
Processing by UsersController#show as HTML
  Parameters: {"id"=>"1"}
  [1m[36mUser Load (0.3ms)[0m  [1m[34mSELECT  "users".* FROM "users" WHERE "users"."id" = $1 LIMIT $2[0m  [["id", 1], ["LIMIT", 1]]
  ↳ app/controllers/users_controller.rb:8
Redirected to http://localhost:3000/users/1
Completed 302 Found in 2ms (ActiveRecord: 0.3ms)


Started GET "/users/1" for ::1 at 2019-10-02 15:41:24 -0700
Processing by UsersController#show as HTML
  Parameters: {"id"=>"1"}
  [1m[36mUser Load (0.3ms)[0m  [1m[34mSELECT  "users".* FROM "users" WHERE "users"."id" = $1 LIMIT $2[0m  [["id", 1], ["LIMIT", 1]]
  ↳ app/controllers/users_controller.rb:8
Redirected to http://localhost:3000/users/1
Completed 302 Found in 2ms (ActiveRecord: 0.3ms)


Started GET "/users/1" for ::1 at 2019-10-02 15:41:24 -0700
Processing by UsersController#show as HTML
  Parameters: {"id"=>"1"}
  [1m[36mUser Load (0.3ms)[0m  [1m[34mSELECT  "users".* FROM "users" WHERE "users"."id" = $1 LIMIT $2[0m  [["id", 1], ["LIMIT", 1]]
  ↳ app/controllers/users_controller.rb:8
Redirected to http://localhost:3000/users/1
Completed 302 Found in 2ms (ActiveRecord: 0.3ms)


Started GET "/users/1" for ::1 at 2019-10-02 15:41:24 -0700
Processing by UsersController#show as HTML
  Parameters: {"id"=>"1"}
  [1m[36mUser Load (0.3ms)[0m  [1m[34mSELECT  "users".* FROM "users" WHERE "users"."id" = $1 LIMIT $2[0m  [["id", 1], ["LIMIT", 1]]
  ↳ app/controllers/users_controller.rb:8
Redirected to http://localhost:3000/users/1
Completed 302 Found in 2ms (ActiveRecord: 0.3ms)


Started GET "/users/1" for ::1 at 2019-10-02 15:41:24 -0700
Processing by UsersController#show as HTML
  Parameters: {"id"=>"1"}
  [1m[36mUser Load (0.3ms)[0m  [1m[34mSELECT  "users".* FROM "users" WHERE "users"."id" = $1 LIMIT $2[0m  [["id", 1], ["LIMIT", 1]]
  ↳ app/controllers/users_controller.rb:8
Redirected to http://localhost:3000/users/1
Completed 302 Found in 2ms (ActiveRecord: 0.3ms)


Started GET "/users/1" for ::1 at 2019-10-02 15:41:24 -0700
Processing by UsersController#show as HTML
  Parameters: {"id"=>"1"}
  [1m[36mUser Load (0.3ms)[0m  [1m[34mSELECT  "users".* FROM "users" WHERE "users"."id" = $1 LIMIT $2[0m  [["id", 1], ["LIMIT", 1]]
  ↳ app/controllers/users_controller.rb:8
Redirected to http://localhost:3000/users/1
Completed 302 Found in 2ms (ActiveRecord: 0.3ms)


Started GET "/users/1" for ::1 at 2019-10-02 15:41:24 -0700
Processing by UsersController#show as HTML
  Parameters: {"id"=>"1"}
  [1m[36mUser Load (0.4ms)[0m  [1m[34mSELECT  "users".* FROM "users" WHERE "users"."id" = $1 LIMIT $2[0m  [["id", 1], ["LIMIT", 1]]
  ↳ app/controllers/users_controller.rb:8
Redirected to http://localhost:3000/users/1
Completed 302 Found in 2ms (ActiveRecord: 0.4ms)


Started GET "/users/1" for ::1 at 2019-10-02 15:41:24 -0700
Processing by UsersController#show as HTML
  Parameters: {"id"=>"1"}
  [1m[36mUser Load (0.3ms)[0m  [1m[34mSELECT  "users".* FROM "users" WHERE "users"."id" = $1 LIMIT $2[0m  [["id", 1], ["LIMIT", 1]]
  ↳ app/controllers/users_controller.rb:8
Redirected to http://localhost:3000/users/1
Completed 302 Found in 2ms (ActiveRecord: 0.3ms)


Started GET "/users/1" for ::1 at 2019-10-02 15:41:24 -0700
Processing by UsersController#show as HTML
  Parameters: {"id"=>"1"}
  [1m[36mUser Load (20.6ms)[0m  [1m[34mSELECT  "users".* FROM "users" WHERE "users"."id" = $1 LIMIT $2[0m  [["id", 1], ["LIMIT", 1]]
  ↳ app/controllers/users_controller.rb:8
Redirected to http://localhost:3000/users/1
Completed 302 Found in 23ms (ActiveRecord: 20.6ms)


Started GET "/users/1" for ::1 at 2019-10-02 15:41:24 -0700
Processing by UsersController#show as HTML
  Parameters: {"id"=>"1"}
  [1m[36mUser Load (0.4ms)[0m  [1m[34mSELECT  "users".* FROM "users" WHERE "users"."id" = $1 LIMIT $2[0m  [["id", 1], ["LIMIT", 1]]
  ↳ app/controllers/users_controller.rb:8
Redirected to http://localhost:3000/users/1
Completed 302 Found in 2ms (ActiveRecord: 0.4ms)


Started GET "/users/1" for ::1 at 2019-10-02 15:41:24 -0700
Processing by UsersController#show as HTML
  Parameters: {"id"=>"1"}
  [1m[36mUser Load (0.3ms)[0m  [1m[34mSELECT  "users".* FROM "users" WHERE "users"."id" = $1 LIMIT $2[0m  [["id", 1], ["LIMIT", 1]]
  ↳ app/controllers/users_controller.rb:8
Redirected to http://localhost:3000/users/1
Completed 302 Found in 1ms (ActiveRecord: 0.3ms)


Started GET "/users/1" for ::1 at 2019-10-02 15:41:24 -0700
Processing by UsersController#show as HTML
  Parameters: {"id"=>"1"}
  [1m[36mUser Load (0.7ms)[0m  [1m[34mSELECT  "users".* FROM "users" WHERE "users"."id" = $1 LIMIT $2[0m  [["id", 1], ["LIMIT", 1]]
  ↳ app/controllers/users_controller.rb:8
Redirected to http://localhost:3000/users/1
Completed 302 Found in 3ms (ActiveRecord: 0.7ms)


Started GET "/users/1" for ::1 at 2019-10-02 15:41:24 -0700
Processing by UsersController#show as HTML
  Parameters: {"id"=>"1"}
  [1m[36mUser Load (0.4ms)[0m  [1m[34mSELECT  "users".* FROM "users" WHERE "users"."id" = $1 LIMIT $2[0m  [["id", 1], ["LIMIT", 1]]
  ↳ app/controllers/users_controller.rb:8
Redirected to http://localhost:3000/users/1
Completed 302 Found in 2ms (ActiveRecord: 0.4ms)


Started GET "/users/1" for ::1 at 2019-10-02 15:41:24 -0700
Processing by UsersController#show as HTML
  Parameters: {"id"=>"1"}
  [1m[36mUser Load (0.3ms)[0m  [1m[34mSELECT  "users".* FROM "users" WHERE "users"."id" = $1 LIMIT $2[0m  [["id", 1], ["LIMIT", 1]]
  ↳ app/controllers/users_controller.rb:8
Redirected to http://localhost:3000/users/1
Completed 302 Found in 2ms (ActiveRecord: 0.3ms)


Started GET "/users/1" for ::1 at 2019-10-02 15:41:24 -0700
Processing by UsersController#show as HTML
  Parameters: {"id"=>"1"}
  [1m[36mUser Load (0.6ms)[0m  [1m[34mSELECT  "users".* FROM "users" WHERE "users"."id" = $1 LIMIT $2[0m  [["id", 1], ["LIMIT", 1]]
  ↳ app/controllers/users_controller.rb:8
Redirected to http://localhost:3000/users/1
Completed 302 Found in 3ms (ActiveRecord: 0.6ms)


Started GET "/users/1" for ::1 at 2019-10-02 15:41:24 -0700
Processing by UsersController#show as HTML
  Parameters: {"id"=>"1"}
  [1m[36mUser Load (0.9ms)[0m  [1m[34mSELECT  "users".* FROM "users" WHERE "users"."id" = $1 LIMIT $2[0m  [["id", 1], ["LIMIT", 1]]
  ↳ app/controllers/users_controller.rb:8
Redirected to http://localhost:3000/users/1
Completed 302 Found in 3ms (ActiveRecord: 0.9ms)


Started GET "/users/1" for ::1 at 2019-10-02 15:41:24 -0700
Processing by UsersController#show as HTML
  Parameters: {"id"=>"1"}
  [1m[36mUser Load (0.3ms)[0m  [1m[34mSELECT  "users".* FROM "users" WHERE "users"."id" = $1 LIMIT $2[0m  [["id", 1], ["LIMIT", 1]]
  ↳ app/controllers/users_controller.rb:8
Redirected to http://localhost:3000/users/1
Completed 302 Found in 1ms (ActiveRecord: 0.3ms)


Started GET "/users/1" for ::1 at 2019-10-02 15:41:24 -0700
Processing by UsersController#show as HTML
  Parameters: {"id"=>"1"}
  [1m[36mUser Load (0.3ms)[0m  [1m[34mSELECT  "users".* FROM "users" WHERE "users"."id" = $1 LIMIT $2[0m  [["id", 1], ["LIMIT", 1]]
  ↳ app/controllers/users_controller.rb:8
Redirected to http://localhost:3000/users/1
Completed 302 Found in 2ms (ActiveRecord: 0.3ms)


Started GET "/users/1" for ::1 at 2019-10-02 15:41:25 -0700
Processing by UsersController#show as HTML
  Parameters: {"id"=>"1"}
  [1m[36mUser Load (1.3ms)[0m  [1m[34mSELECT  "users".* FROM "users" WHERE "users"."id" = $1 LIMIT $2[0m  [["id", 1], ["LIMIT", 1]]
  ↳ app/controllers/users_controller.rb:8
Redirected to http://localhost:3000/users/1
Completed 302 Found in 3ms (ActiveRecord: 1.3ms)


Started GET "/users/1" for ::1 at 2019-10-02 15:41:25 -0700
Processing by UsersController#show as HTML
  Parameters: {"id"=>"1"}
  [1m[36mUser Load (0.6ms)[0m  [1m[34mSELECT  "users".* FROM "users" WHERE "users"."id" = $1 LIMIT $2[0m  [["id", 1], ["LIMIT", 1]]
  ↳ app/controllers/users_controller.rb:8
Redirected to http://localhost:3000/users/1
Completed 302 Found in 3ms (ActiveRecord: 0.6ms)


Started GET "/users/1" for ::1 at 2019-10-02 15:41:25 -0700
Processing by UsersController#show as HTML
  Parameters: {"id"=>"1"}
  [1m[36mUser Load (0.9ms)[0m  [1m[34mSELECT  "users".* FROM "users" WHERE "users"."id" = $1 LIMIT $2[0m  [["id", 1], ["LIMIT", 1]]
  ↳ app/controllers/users_controller.rb:8
Redirected to http://localhost:3000/users/1
Completed 302 Found in 3ms (ActiveRecord: 0.9ms)


Started GET "/users/1" for ::1 at 2019-10-02 15:41:25 -0700
Processing by UsersController#show as HTML
  Parameters: {"id"=>"1"}
  [1m[36mUser Load (0.4ms)[0m  [1m[34mSELECT  "users".* FROM "users" WHERE "users"."id" = $1 LIMIT $2[0m  [["id", 1], ["LIMIT", 1]]
  ↳ app/controllers/users_controller.rb:8
Redirected to http://localhost:3000/users/1
Completed 302 Found in 2ms (ActiveRecord: 0.4ms)


Started GET "/users/1" for ::1 at 2019-10-02 15:41:25 -0700
Processing by UsersController#show as HTML
  Parameters: {"id"=>"1"}
  [1m[36mUser Load (1.0ms)[0m  [1m[34mSELECT  "users".* FROM "users" WHERE "users"."id" = $1 LIMIT $2[0m  [["id", 1], ["LIMIT", 1]]
  ↳ app/controllers/users_controller.rb:8
Redirected to http://localhost:3000/users/1
Completed 302 Found in 3ms (ActiveRecord: 1.0ms)


Started GET "/users/1" for ::1 at 2019-10-02 15:41:25 -0700
Processing by UsersController#show as HTML
  Parameters: {"id"=>"1"}
  [1m[36mUser Load (0.3ms)[0m  [1m[34mSELECT  "users".* FROM "users" WHERE "users"."id" = $1 LIMIT $2[0m  [["id", 1], ["LIMIT", 1]]
  ↳ app/controllers/users_controller.rb:8
Redirected to http://localhost:3000/users/1
Completed 302 Found in 2ms (ActiveRecord: 0.3ms)


Started GET "/users/1" for ::1 at 2019-10-02 15:41:25 -0700
Processing by UsersController#show as HTML
  Parameters: {"id"=>"1"}
  [1m[36mUser Load (0.3ms)[0m  [1m[34mSELECT  "users".* FROM "users" WHERE "users"."id" = $1 LIMIT $2[0m  [["id", 1], ["LIMIT", 1]]
  ↳ app/controllers/users_controller.rb:8
Redirected to http://localhost:3000/users/1
Completed 302 Found in 1ms (ActiveRecord: 0.3ms)


Started GET "/users/1" for ::1 at 2019-10-02 15:41:25 -0700
Processing by UsersController#show as HTML
  Parameters: {"id"=>"1"}
  [1m[36mUser Load (0.3ms)[0m  [1m[34mSELECT  "users".* FROM "users" WHERE "users"."id" = $1 LIMIT $2[0m  [["id", 1], ["LIMIT", 1]]
  ↳ app/controllers/users_controller.rb:8
Redirected to http://localhost:3000/users/1
Completed 302 Found in 1ms (ActiveRecord: 0.3ms)


Started GET "/users/1" for ::1 at 2019-10-02 15:41:25 -0700
Processing by UsersController#show as HTML
  Parameters: {"id"=>"1"}
  [1m[36mUser Load (3.4ms)[0m  [1m[34mSELECT  "users".* FROM "users" WHERE "users"."id" = $1 LIMIT $2[0m  [["id", 1], ["LIMIT", 1]]
  ↳ app/controllers/users_controller.rb:8
Redirected to http://localhost:3000/users/1
Completed 302 Found in 7ms (ActiveRecord: 3.4ms)


Started GET "/users/1" for ::1 at 2019-10-02 15:41:25 -0700
Processing by UsersController#show as HTML
  Parameters: {"id"=>"1"}
  [1m[36mUser Load (0.3ms)[0m  [1m[34mSELECT  "users".* FROM "users" WHERE "users"."id" = $1 LIMIT $2[0m  [["id", 1], ["LIMIT", 1]]
  ↳ app/controllers/users_controller.rb:8
Redirected to http://localhost:3000/users/1
Completed 302 Found in 2ms (ActiveRecord: 0.3ms)


Started GET "/users/1" for ::1 at 2019-10-02 15:41:25 -0700
Processing by UsersController#show as HTML
  Parameters: {"id"=>"1"}
  [1m[36mUser Load (0.3ms)[0m  [1m[34mSELECT  "users".* FROM "users" WHERE "users"."id" = $1 LIMIT $2[0m  [["id", 1], ["LIMIT", 1]]
  ↳ app/controllers/users_controller.rb:8
Redirected to http://localhost:3000/users/1
Completed 302 Found in 2ms (ActiveRecord: 0.3ms)


Started GET "/users/1" for ::1 at 2019-10-02 15:41:25 -0700
Processing by UsersController#show as HTML
  Parameters: {"id"=>"1"}
  [1m[36mUser Load (0.3ms)[0m  [1m[34mSELECT  "users".* FROM "users" WHERE "users"."id" = $1 LIMIT $2[0m  [["id", 1], ["LIMIT", 1]]
  ↳ app/controllers/users_controller.rb:8
Redirected to http://localhost:3000/users/1
Completed 302 Found in 2ms (ActiveRecord: 0.3ms)


Started GET "/users/1" for ::1 at 2019-10-02 15:41:25 -0700
Processing by UsersController#show as HTML
  Parameters: {"id"=>"1"}
  [1m[36mUser Load (0.5ms)[0m  [1m[34mSELECT  "users".* FROM "users" WHERE "users"."id" = $1 LIMIT $2[0m  [["id", 1], ["LIMIT", 1]]
  ↳ app/controllers/users_controller.rb:8
Redirected to http://localhost:3000/users/1
Completed 302 Found in 2ms (ActiveRecord: 0.5ms)


Started GET "/users/1" for ::1 at 2019-10-02 15:41:25 -0700
Processing by UsersController#show as HTML
  Parameters: {"id"=>"1"}
  [1m[36mUser Load (0.3ms)[0m  [1m[34mSELECT  "users".* FROM "users" WHERE "users"."id" = $1 LIMIT $2[0m  [["id", 1], ["LIMIT", 1]]
  ↳ app/controllers/users_controller.rb:8
Redirected to http://localhost:3000/users/1
Completed 302 Found in 2ms (ActiveRecord: 0.3ms)


Started GET "/users/1" for ::1 at 2019-10-02 15:41:25 -0700
Processing by UsersController#show as HTML
  Parameters: {"id"=>"1"}
  [1m[36mUser Load (0.3ms)[0m  [1m[34mSELECT  "users".* FROM "users" WHERE "users"."id" = $1 LIMIT $2[0m  [["id", 1], ["LIMIT", 1]]
  ↳ app/controllers/users_controller.rb:8
Redirected to http://localhost:3000/users/1
Completed 302 Found in 2ms (ActiveRecord: 0.3ms)


Started GET "/users/1" for ::1 at 2019-10-02 15:41:25 -0700
Processing by UsersController#show as HTML
  Parameters: {"id"=>"1"}
  [1m[36mUser Load (0.4ms)[0m  [1m[34mSELECT  "users".* FROM "users" WHERE "users"."id" = $1 LIMIT $2[0m  [["id", 1], ["LIMIT", 1]]
  ↳ app/controllers/users_controller.rb:8
Redirected to http://localhost:3000/users/1
Completed 302 Found in 2ms (ActiveRecord: 0.4ms)


Started GET "/users/1" for ::1 at 2019-10-02 15:41:25 -0700
Processing by UsersController#show as HTML
  Parameters: {"id"=>"1"}
  [1m[36mUser Load (0.4ms)[0m  [1m[34mSELECT  "users".* FROM "users" WHERE "users"."id" = $1 LIMIT $2[0m  [["id", 1], ["LIMIT", 1]]
  ↳ app/controllers/users_controller.rb:8
Redirected to http://localhost:3000/users/1
Completed 302 Found in 3ms (ActiveRecord: 0.4ms)


Started GET "/users/1" for ::1 at 2019-10-02 15:41:25 -0700
Processing by UsersController#show as HTML
  Parameters: {"id"=>"1"}
  [1m[36mUser Load (0.3ms)[0m  [1m[34mSELECT  "users".* FROM "users" WHERE "users"."id" = $1 LIMIT $2[0m  [["id", 1], ["LIMIT", 1]]
  ↳ app/controllers/users_controller.rb:8
Redirected to http://localhost:3000/users/1
Completed 302 Found in 1ms (ActiveRecord: 0.3ms)


Started GET "/users/1" for ::1 at 2019-10-02 15:41:25 -0700
Processing by UsersController#show as HTML
  Parameters: {"id"=>"1"}
  [1m[36mUser Load (0.4ms)[0m  [1m[34mSELECT  "users".* FROM "users" WHERE "users"."id" = $1 LIMIT $2[0m  [["id", 1], ["LIMIT", 1]]
  ↳ app/controllers/users_controller.rb:8
Redirected to http://localhost:3000/users/1
Completed 302 Found in 2ms (ActiveRecord: 0.4ms)


Started GET "/users/1" for ::1 at 2019-10-02 15:41:25 -0700
Processing by UsersController#show as HTML
  Parameters: {"id"=>"1"}
  [1m[36mUser Load (0.3ms)[0m  [1m[34mSELECT  "users".* FROM "users" WHERE "users"."id" = $1 LIMIT $2[0m  [["id", 1], ["LIMIT", 1]]
  ↳ app/controllers/users_controller.rb:8
Redirected to http://localhost:3000/users/1
Completed 302 Found in 2ms (ActiveRecord: 0.3ms)


Started GET "/users/1" for ::1 at 2019-10-02 15:41:26 -0700
Processing by UsersController#show as HTML
  Parameters: {"id"=>"1"}
  [1m[36mUser Load (1.8ms)[0m  [1m[34mSELECT  "users".* FROM "users" WHERE "users"."id" = $1 LIMIT $2[0m  [["id", 1], ["LIMIT", 1]]
  ↳ app/controllers/users_controller.rb:8
Redirected to http://localhost:3000/users/1
Completed 302 Found in 4ms (ActiveRecord: 1.8ms)


Started GET "/users/1" for ::1 at 2019-10-02 15:41:26 -0700
Processing by UsersController#show as HTML
  Parameters: {"id"=>"1"}
  [1m[36mUser Load (0.4ms)[0m  [1m[34mSELECT  "users".* FROM "users" WHERE "users"."id" = $1 LIMIT $2[0m  [["id", 1], ["LIMIT", 1]]
  ↳ app/controllers/users_controller.rb:8
Redirected to http://localhost:3000/users/1
Completed 302 Found in 2ms (ActiveRecord: 0.4ms)


Started GET "/users/1" for ::1 at 2019-10-02 15:41:26 -0700
Processing by UsersController#show as HTML
  Parameters: {"id"=>"1"}
  [1m[36mUser Load (0.7ms)[0m  [1m[34mSELECT  "users".* FROM "users" WHERE "users"."id" = $1 LIMIT $2[0m  [["id", 1], ["LIMIT", 1]]
  ↳ app/controllers/users_controller.rb:8
Redirected to http://localhost:3000/users/1
Completed 302 Found in 3ms (ActiveRecord: 0.7ms)


Started GET "/users/1" for ::1 at 2019-10-02 15:41:26 -0700
Processing by UsersController#show as HTML
  Parameters: {"id"=>"1"}
  [1m[36mUser Load (0.4ms)[0m  [1m[34mSELECT  "users".* FROM "users" WHERE "users"."id" = $1 LIMIT $2[0m  [["id", 1], ["LIMIT", 1]]
  ↳ app/controllers/users_controller.rb:8
Redirected to http://localhost:3000/users/1
Completed 302 Found in 2ms (ActiveRecord: 0.4ms)


Started GET "/users/1" for ::1 at 2019-10-02 15:41:26 -0700
Processing by UsersController#show as HTML
  Parameters: {"id"=>"1"}
  [1m[36mUser Load (0.3ms)[0m  [1m[34mSELECT  "users".* FROM "users" WHERE "users"."id" = $1 LIMIT $2[0m  [["id", 1], ["LIMIT", 1]]
  ↳ app/controllers/users_controller.rb:8
Redirected to http://localhost:3000/users/1
Completed 302 Found in 2ms (ActiveRecord: 0.3ms)


Started GET "/users/1" for ::1 at 2019-10-02 15:41:26 -0700
Processing by UsersController#show as HTML
  Parameters: {"id"=>"1"}
  [1m[36mUser Load (0.3ms)[0m  [1m[34mSELECT  "users".* FROM "users" WHERE "users"."id" = $1 LIMIT $2[0m  [["id", 1], ["LIMIT", 1]]
  ↳ app/controllers/users_controller.rb:8
Redirected to http://localhost:3000/users/1
Completed 302 Found in 2ms (ActiveRecord: 0.3ms)


Started GET "/users/1" for ::1 at 2019-10-02 15:41:26 -0700
Processing by UsersController#show as HTML
  Parameters: {"id"=>"1"}
  [1m[36mUser Load (0.5ms)[0m  [1m[34mSELECT  "users".* FROM "users" WHERE "users"."id" = $1 LIMIT $2[0m  [["id", 1], ["LIMIT", 1]]
  ↳ app/controllers/users_controller.rb:8
Redirected to http://localhost:3000/users/1
Completed 302 Found in 2ms (ActiveRecord: 0.5ms)


Started GET "/users/1" for ::1 at 2019-10-02 15:41:26 -0700
Processing by UsersController#show as HTML
  Parameters: {"id"=>"1"}
  [1m[36mUser Load (0.4ms)[0m  [1m[34mSELECT  "users".* FROM "users" WHERE "users"."id" = $1 LIMIT $2[0m  [["id", 1], ["LIMIT", 1]]
  ↳ app/controllers/users_controller.rb:8
Redirected to http://localhost:3000/users/1
Completed 302 Found in 2ms (ActiveRecord: 0.4ms)


Started GET "/users/1" for ::1 at 2019-10-02 15:41:26 -0700
Processing by UsersController#show as HTML
  Parameters: {"id"=>"1"}
  [1m[36mUser Load (0.4ms)[0m  [1m[34mSELECT  "users".* FROM "users" WHERE "users"."id" = $1 LIMIT $2[0m  [["id", 1], ["LIMIT", 1]]
  ↳ app/controllers/users_controller.rb:8
Redirected to http://localhost:3000/users/1
Completed 302 Found in 2ms (ActiveRecord: 0.4ms)


Started GET "/users/1" for ::1 at 2019-10-02 15:41:26 -0700
Processing by UsersController#show as HTML
  Parameters: {"id"=>"1"}
  [1m[36mUser Load (0.3ms)[0m  [1m[34mSELECT  "users".* FROM "users" WHERE "users"."id" = $1 LIMIT $2[0m  [["id", 1], ["LIMIT", 1]]
  ↳ app/controllers/users_controller.rb:8
Redirected to http://localhost:3000/users/1
Completed 302 Found in 2ms (ActiveRecord: 0.3ms)


Started GET "/users/1" for ::1 at 2019-10-02 15:41:26 -0700
Processing by UsersController#show as HTML
  Parameters: {"id"=>"1"}
  [1m[36mUser Load (0.4ms)[0m  [1m[34mSELECT  "users".* FROM "users" WHERE "users"."id" = $1 LIMIT $2[0m  [["id", 1], ["LIMIT", 1]]
  ↳ app/controllers/users_controller.rb:8
Redirected to http://localhost:3000/users/1
Completed 302 Found in 2ms (ActiveRecord: 0.4ms)


Started GET "/users/1" for ::1 at 2019-10-02 15:41:26 -0700
Processing by UsersController#show as HTML
  Parameters: {"id"=>"1"}
  [1m[36mUser Load (0.4ms)[0m  [1m[34mSELECT  "users".* FROM "users" WHERE "users"."id" = $1 LIMIT $2[0m  [["id", 1], ["LIMIT", 1]]
  ↳ app/controllers/users_controller.rb:8
Redirected to http://localhost:3000/users/1
Completed 302 Found in 2ms (ActiveRecord: 0.4ms)


Started GET "/users/1" for ::1 at 2019-10-02 15:41:26 -0700
Processing by UsersController#show as HTML
  Parameters: {"id"=>"1"}
  [1m[36mUser Load (0.3ms)[0m  [1m[34mSELECT  "users".* FROM "users" WHERE "users"."id" = $1 LIMIT $2[0m  [["id", 1], ["LIMIT", 1]]
  ↳ app/controllers/users_controller.rb:8
Redirected to http://localhost:3000/users/1
Completed 302 Found in 2ms (ActiveRecord: 0.3ms)


Started GET "/users/1" for ::1 at 2019-10-02 15:41:26 -0700
Processing by UsersController#show as HTML
  Parameters: {"id"=>"1"}
  [1m[36mUser Load (0.3ms)[0m  [1m[34mSELECT  "users".* FROM "users" WHERE "users"."id" = $1 LIMIT $2[0m  [["id", 1], ["LIMIT", 1]]
  ↳ app/controllers/users_controller.rb:8
Redirected to http://localhost:3000/users/1
Completed 302 Found in 2ms (ActiveRecord: 0.3ms)


Started GET "/users/1" for ::1 at 2019-10-02 15:41:26 -0700
Processing by UsersController#show as HTML
  Parameters: {"id"=>"1"}
  [1m[36mUser Load (0.4ms)[0m  [1m[34mSELECT  "users".* FROM "users" WHERE "users"."id" = $1 LIMIT $2[0m  [["id", 1], ["LIMIT", 1]]
  ↳ app/controllers/users_controller.rb:8
Redirected to http://localhost:3000/users/1
Completed 302 Found in 2ms (ActiveRecord: 0.4ms)


Started GET "/users/1" for ::1 at 2019-10-02 15:41:26 -0700
Processing by UsersController#show as HTML
  Parameters: {"id"=>"1"}
  [1m[36mUser Load (0.3ms)[0m  [1m[34mSELECT  "users".* FROM "users" WHERE "users"."id" = $1 LIMIT $2[0m  [["id", 1], ["LIMIT", 1]]
  ↳ app/controllers/users_controller.rb:8
Redirected to http://localhost:3000/users/1
Completed 302 Found in 1ms (ActiveRecord: 0.3ms)


Started GET "/users/1" for ::1 at 2019-10-02 15:41:26 -0700
Processing by UsersController#show as HTML
  Parameters: {"id"=>"1"}
  [1m[36mUser Load (0.4ms)[0m  [1m[34mSELECT  "users".* FROM "users" WHERE "users"."id" = $1 LIMIT $2[0m  [["id", 1], ["LIMIT", 1]]
  ↳ app/controllers/users_controller.rb:8
Redirected to http://localhost:3000/users/1
Completed 302 Found in 2ms (ActiveRecord: 0.4ms)


Started GET "/users/1" for ::1 at 2019-10-02 15:41:26 -0700
Processing by UsersController#show as HTML
  Parameters: {"id"=>"1"}
  [1m[36mUser Load (0.8ms)[0m  [1m[34mSELECT  "users".* FROM "users" WHERE "users"."id" = $1 LIMIT $2[0m  [["id", 1], ["LIMIT", 1]]
  ↳ app/controllers/users_controller.rb:8
Redirected to http://localhost:3000/users/1
Completed 302 Found in 2ms (ActiveRecord: 0.8ms)


Started GET "/users/1" for ::1 at 2019-10-02 15:41:26 -0700
Processing by UsersController#show as HTML
  Parameters: {"id"=>"1"}
  [1m[36mUser Load (0.4ms)[0m  [1m[34mSELECT  "users".* FROM "users" WHERE "users"."id" = $1 LIMIT $2[0m  [["id", 1], ["LIMIT", 1]]
  ↳ app/controllers/users_controller.rb:8
Redirected to http://localhost:3000/users/1
Completed 302 Found in 6ms (ActiveRecord: 0.4ms)


Started GET "/users/1" for ::1 at 2019-10-02 15:41:26 -0700
Processing by UsersController#show as HTML
  Parameters: {"id"=>"1"}
  [1m[36mUser Load (0.4ms)[0m  [1m[34mSELECT  "users".* FROM "users" WHERE "users"."id" = $1 LIMIT $2[0m  [["id", 1], ["LIMIT", 1]]
  ↳ app/controllers/users_controller.rb:8
Redirected to http://localhost:3000/users/1
Completed 302 Found in 2ms (ActiveRecord: 0.4ms)


Started GET "/" for ::1 at 2019-10-02 16:05:18 -0700
Processing by Rails::WelcomeController#index as HTML
  Rendering /Users/appacademy/.rbenv/versions/2.5.1/lib/ruby/gems/2.5.0/gems/railties-5.2.3/lib/rails/templates/rails/welcome/index.html.erb
  Rendered /Users/appacademy/.rbenv/versions/2.5.1/lib/ruby/gems/2.5.0/gems/railties-5.2.3/lib/rails/templates/rails/welcome/index.html.erb (3.4ms)
Completed 200 OK in 13ms (Views: 8.4ms | ActiveRecord: 0.0ms)


Started GET "/users" for ::1 at 2019-10-02 16:05:23 -0700
Processing by UsersController#index as HTML
  Rendering users/index.html.erb within layouts/application
  [1m[36mUser Load (2.5ms)[0m  [1m[34mSELECT "users".* FROM "users"[0m
  ↳ app/views/users/index.html.erb:2
  Rendered users/index.html.erb within layouts/application (25.8ms)
Completed 200 OK in 55ms (Views: 37.0ms | ActiveRecord: 14.7ms)


Started GET "/users/1" for ::1 at 2019-10-02 16:05:27 -0700
Processing by UsersController#show as HTML
  Parameters: {"id"=>"1"}
  [1m[36mUser Load (0.9ms)[0m  [1m[34mSELECT  "users".* FROM "users" WHERE "users"."id" = $1 LIMIT $2[0m  [["id", 1], ["LIMIT", 1]]
  ↳ app/controllers/users_controller.rb:8
  Rendering users/show.html.erb within layouts/application
  Rendered users/show.html.erb within layouts/application (0.7ms)
Completed 200 OK in 27ms (Views: 22.5ms | ActiveRecord: 1.3ms)


Started GET "/users/2" for ::1 at 2019-10-02 16:05:34 -0700
Processing by UsersController#show as HTML
  Parameters: {"id"=>"2"}
  [1m[36mUser Load (0.6ms)[0m  [1m[34mSELECT  "users".* FROM "users" WHERE "users"."id" = $1 LIMIT $2[0m  [["id", 2], ["LIMIT", 1]]
  ↳ app/controllers/users_controller.rb:8
  Rendering users/show.html.erb within layouts/application
  Rendered users/show.html.erb within layouts/application (0.7ms)
Completed 200 OK in 24ms (Views: 21.6ms | ActiveRecord: 0.6ms)


Started GET "/users/5" for ::1 at 2019-10-02 16:07:23 -0700
Processing by UsersController#show as HTML
  Parameters: {"id"=>"5"}
  [1m[36mUser Load (0.6ms)[0m  [1m[34mSELECT  "users".* FROM "users" WHERE "users"."id" = $1 LIMIT $2[0m  [["id", 5], ["LIMIT", 1]]
  ↳ app/controllers/users_controller.rb:8
Completed 404 Not Found in 3ms (ActiveRecord: 0.6ms)



ActiveRecord::RecordNotFound - Couldn't find User with 'id'=5:
  app/controllers/users_controller.rb:8:in `show'

Started POST "/__better_errors/2a6b89bca74dcdec/variables" for ::1 at 2019-10-02 16:07:23 -0700
  [1m[36mUser Load (1.6ms)[0m  [1m[34mSELECT "users".* FROM "users"[0m
  [1m[36mUser Load (0.4ms)[0m  [1m[34mSELECT  "users".* FROM "users" WHERE "users"."id" = $1 LIMIT $2[0m  [["id", 1], ["LIMIT", 1]]
Started GET "/users/1" for ::1 at 2019-10-02 16:14:40 -0700
Processing by UsersController#show as HTML
  Parameters: {"id"=>"1"}
  Rendering users/show.html.erb within layouts/application
  Rendered users/show.html.erb within layouts/application (6.5ms)
Completed 500 Internal Server Error in 12ms (ActiveRecord: 0.0ms)



NoMethodError - undefined method `username' for nil:NilClass:
  app/views/users/show.html.erb:2:in `_app_views_users_show_html_erb__1769510858516559381_70113276315400'

Started POST "/__better_errors/19058336dc2823c2/variables" for ::1 at 2019-10-02 16:14:40 -0700
Started GET "/users/1" for ::1 at 2019-10-02 16:14:51 -0700
Processing by UsersController#show as HTML
  Parameters: {"id"=>"1"}
  [1m[36mUser Load (0.7ms)[0m  [1m[34mSELECT  "users".* FROM "users" WHERE "users"."id" = $1 LIMIT $2[0m  [["id", 1], ["LIMIT", 1]]
  ↳ app/controllers/users_controller.rb:8
  Rendering users/show.html.erb within layouts/application
  Rendered users/show.html.erb within layouts/application (0.6ms)
Completed 200 OK in 52ms (Views: 27.2ms | ActiveRecord: 11.9ms)


Started GET "/users/5" for ::1 at 2019-10-02 16:14:55 -0700
Processing by UsersController#show as HTML
  Parameters: {"id"=>"5"}
  [1m[36mUser Load (1.1ms)[0m  [1m[34mSELECT  "users".* FROM "users" WHERE "users"."id" = $1 LIMIT $2[0m  [["id", 5], ["LIMIT", 1]]
  ↳ app/controllers/users_controller.rb:8
Completed 404 Not Found in 4ms (ActiveRecord: 1.1ms)



ActiveRecord::RecordNotFound - Couldn't find User with 'id'=5:
  app/controllers/users_controller.rb:8:in `show'

Started POST "/__better_errors/3ed3e334e596a50d/variables" for ::1 at 2019-10-02 16:14:55 -0700
Started GET "/users/5" for ::1 at 2019-10-02 16:16:22 -0700
Processing by UsersController#show as HTML
  Parameters: {"id"=>"5"}
  [1m[36mUser Load (0.7ms)[0m  [1m[34mSELECT  "users".* FROM "users" WHERE "users"."id" = $1 LIMIT $2[0m  [["id", 5], ["LIMIT", 1]]
  ↳ app/controllers/users_controller.rb:8
Completed 404 Not Found in 14ms (ActiveRecord: 7.2ms)



ActiveRecord::RecordNotFound - Couldn't find User with 'id'=5:
  app/controllers/users_controller.rb:8:in `show'

Started POST "/__better_errors/e8b87b5ad5bc637c/variables" for ::1 at 2019-10-02 16:16:23 -0700
Started GET "/users/5" for ::1 at 2019-10-02 16:17:08 -0700
Processing by UsersController#show as HTML
  Parameters: {"id"=>"5"}
  [1m[36mUser Load (0.9ms)[0m  [1m[34mSELECT  "users".* FROM "users" WHERE "users"."id" = $1 LIMIT $2[0m  [["id", 5], ["LIMIT", 1]]
  ↳ app/controllers/users_controller.rb:8
Completed 404 Not Found in 31ms (ActiveRecord: 15.0ms)



ActiveRecord::RecordNotFound - Couldn't find User with 'id'=5:
  app/controllers/users_controller.rb:8:in `show'

Started POST "/__better_errors/219769a97c69422e/variables" for ::1 at 2019-10-02 16:17:09 -0700
Started GET "/users/5" for ::1 at 2019-10-02 16:17:20 -0700
Processing by UsersController#show as HTML
  Parameters: {"id"=>"5"}
  [1m[36mUser Load (0.4ms)[0m  [1m[34mSELECT  "users".* FROM "users" WHERE "users"."id" = $1 LIMIT $2[0m  [["id", 5], ["LIMIT", 1]]
  ↳ app/controllers/users_controller.rb:8
Completed 404 Not Found in 13ms (ActiveRecord: 6.5ms)



ActiveRecord::RecordNotFound - Couldn't find User with 'id'=5:
  app/controllers/users_controller.rb:8:in `show'

Started POST "/__better_errors/23a03d9e65404054/variables" for ::1 at 2019-10-02 16:17:21 -0700
Started POST "/__better_errors/23a03d9e65404054/eval" for ::1 at 2019-10-02 16:17:38 -0700
Started GET "/users/5" for ::1 at 2019-10-02 16:18:15 -0700
Processing by UsersController#show as HTML
  Parameters: {"id"=>"5"}
  [1m[36mUser Load (0.4ms)[0m  [1m[34mSELECT  "users".* FROM "users" WHERE "users"."id" = $1 LIMIT $2[0m  [["id", 5], ["LIMIT", 1]]
  ↳ app/controllers/users_controller.rb:8
Redirected to http://localhost:3000/users
Completed 302 Found in 8ms (ActiveRecord: 2.7ms)


Started GET "/users" for ::1 at 2019-10-02 16:18:15 -0700
Processing by UsersController#index as HTML
  Rendering users/index.html.erb within layouts/application
  [1m[36mUser Load (0.5ms)[0m  [1m[34mSELECT "users".* FROM "users"[0m
  ↳ app/views/users/index.html.erb:2
  Rendered users/index.html.erb within layouts/application (13.4ms)
Completed 200 OK in 33ms (Views: 27.6ms | ActiveRecord: 4.8ms)


Started GET "/users/5" for ::1 at 2019-10-02 16:18:58 -0700
Processing by UsersController#show as HTML
  Parameters: {"id"=>"5"}
  [1m[36mUser Load (0.4ms)[0m  [1m[34mSELECT  "users".* FROM "users" WHERE "users"."id" = $1 LIMIT $2[0m  [["id", 5], ["LIMIT", 1]]
  ↳ app/controllers/users_controller.rb:8
Redirected to http://localhost:3000/users
Completed 302 Found in 13ms (ActiveRecord: 4.1ms)


Started GET "/users" for ::1 at 2019-10-02 16:18:58 -0700
Processing by UsersController#index as HTML
  Rendering users/index.html.erb within layouts/application
  [1m[36mUser Load (0.5ms)[0m  [1m[34mSELECT "users".* FROM "users"[0m
  ↳ app/views/users/index.html.erb:2
  Rendered users/index.html.erb within layouts/application (17.9ms)
Completed 200 OK in 46ms (Views: 41.2ms | ActiveRecord: 4.5ms)


Started GET "/users/5" for ::1 at 2019-10-02 16:19:15 -0700
Processing by UsersController#show as HTML
  Parameters: {"id"=>"5"}
  [1m[36mUser Load (0.6ms)[0m  [1m[34mSELECT  "users".* FROM "users" WHERE "users"."id" = $1 LIMIT $2[0m  [["id", 5], ["LIMIT", 1]]
  ↳ app/controllers/users_controller.rb:8
  Rendering users/index.html.erb within layouts/application
  Rendered users/index.html.erb within layouts/application (13.3ms)
Completed 500 Internal Server Error in 36ms (ActiveRecord: 3.9ms)



NoMethodError - undefined method `each' for nil:NilClass:
  app/views/users/index.html.erb:2:in `_app_views_users_index_html_erb__2962919410272338547_70113263619460'
  app/controllers/users_controller.rb:13:in `show'

Started POST "/__better_errors/fafc5828c1336f8f/variables" for ::1 at 2019-10-02 16:19:16 -0700
Started GET "/users/5" for ::1 at 2019-10-02 16:19:25 -0700
Processing by UsersController#show as HTML
  Parameters: {"id"=>"5"}
  [1m[36mUser Load (0.3ms)[0m  [1m[34mSELECT  "users".* FROM "users" WHERE "users"."id" = $1 LIMIT $2[0m  [["id", 5], ["LIMIT", 1]]
  ↳ app/controllers/users_controller.rb:8
  Rendering users/index.html.erb within layouts/application
  Rendered users/index.html.erb within layouts/application (4.0ms)
Completed 500 Internal Server Error in 22ms (ActiveRecord: 2.6ms)



NoMethodError - undefined method `each' for nil:NilClass:
  app/views/users/index.html.erb:2:in `_app_views_users_index_html_erb__2962919410272338547_70113275743960'
  app/controllers/users_controller.rb:13:in `show'

Started POST "/__better_errors/599e9225406a1c11/variables" for ::1 at 2019-10-02 16:19:26 -0700
Started GET "/users/5" for ::1 at 2019-10-02 16:19:41 -0700
Processing by UsersController#show as HTML
  Parameters: {"id"=>"5"}
  [1m[36mUser Load (0.4ms)[0m  [1m[34mSELECT  "users".* FROM "users" WHERE "users"."id" = $1 LIMIT $2[0m  [["id", 5], ["LIMIT", 1]]
  ↳ app/controllers/users_controller.rb:8
  Rendering users/index.html.erb within layouts/application
  Rendered users/index.html.erb within layouts/application (5.3ms)
Completed 500 Internal Server Error in 24ms (ActiveRecord: 3.8ms)



NoMethodError - undefined method `each' for nil:NilClass:
  app/views/users/index.html.erb:2:in `_app_views_users_index_html_erb__2962919410272338547_70113263685640'
  app/controllers/users_controller.rb:13:in `show'

Started POST "/__better_errors/dc9cf9ed2b55e0ff/variables" for ::1 at 2019-10-02 16:19:41 -0700
Started GET "/users/5" for ::1 at 2019-10-02 16:20:31 -0700
Processing by UsersController#show as HTML
  Parameters: {"id"=>"5"}
  [1m[36mUser Load (0.3ms)[0m  [1m[34mSELECT  "users".* FROM "users" WHERE "users"."id" = $1 LIMIT $2[0m  [["id", 5], ["LIMIT", 1]]
  ↳ app/controllers/users_controller.rb:8
  Rendering users/index.html.erb within layouts/application
  [1m[36mUser Load (0.5ms)[0m  [1m[34mSELECT "users".* FROM "users"[0m
  ↳ app/views/users/index.html.erb:2
  Rendered users/index.html.erb within layouts/application (18.2ms)
Completed 200 OK in 59ms (Views: 43.6ms | ActiveRecord: 7.2ms)


Started GET "/users/5" for ::1 at 2019-10-02 16:21:17 -0700
Processing by UsersController#show as HTML
  Parameters: {"id"=>"5"}
  [1m[36mUser Load (0.3ms)[0m  [1m[34mSELECT  "users".* FROM "users" WHERE "users"."id" = $1 LIMIT $2[0m  [["id", 5], ["LIMIT", 1]]
  ↳ app/controllers/users_controller.rb:8
  Rendering users/index.html.erb within layouts/application
  Rendered users/index.html.erb within layouts/application (5.7ms)
Completed 500 Internal Server Error in 21ms (ActiveRecord: 4.1ms)



NoMethodError - undefined method `each' for nil:NilClass:
  app/views/users/index.html.erb:2:in `_app_views_users_index_html_erb__2962919410272338547_70113263586280'
  app/controllers/users_controller.rb:14:in `show'

Started POST "/__better_errors/7f2c7f45367ef308/variables" for ::1 at 2019-10-02 16:21:17 -0700
Started POST "/__better_errors/7f2c7f45367ef308/eval" for ::1 at 2019-10-02 16:21:24 -0700
Started GET "/users/5" for ::1 at 2019-10-02 16:21:56 -0700
Processing by UsersController#show as HTML
  Parameters: {"id"=>"5"}
  [1m[36mUser Load (0.3ms)[0m  [1m[34mSELECT  "users".* FROM "users" WHERE "users"."id" = $1 LIMIT $2[0m  [["id", 5], ["LIMIT", 1]]
  ↳ app/controllers/users_controller.rb:8
  Rendering users/index.html.erb within layouts/application
  [1m[36mUser Load (0.5ms)[0m  [1m[34mSELECT "users".* FROM "users"[0m
  ↳ app/views/users/index.html.erb:2
  Rendered users/index.html.erb within layouts/application (12.0ms)
Completed 200 OK in 40ms (Views: 27.6ms | ActiveRecord: 7.3ms)


Started GET "/users/5" for ::1 at 2019-10-02 16:22:56 -0700
Processing by UsersController#show as HTML
  Parameters: {"id"=>"5"}
  [1m[36mUser Load (0.3ms)[0m  [1m[34mSELECT  "users".* FROM "users" WHERE "users"."id" = $1 LIMIT $2[0m  [["id", 5], ["LIMIT", 1]]
  ↳ app/controllers/users_controller.rb:8
  Rendering users/index.html.erb within layouts/application
  [1m[36mUser Load (0.4ms)[0m  [1m[34mSELECT "users".* FROM "users"[0m
  ↳ app/views/users/index.html.erb:2
  Rendered users/index.html.erb within layouts/application (13.2ms)
Completed 200 OK in 40ms (Views: 25.1ms | ActiveRecord: 8.6ms)


Started GET "/users/5" for ::1 at 2019-10-02 16:22:57 -0700
Processing by UsersController#show as HTML
  Parameters: {"id"=>"5"}
  [1m[36mUser Load (0.3ms)[0m  [1m[34mSELECT  "users".* FROM "users" WHERE "users"."id" = $1 LIMIT $2[0m  [["id", 5], ["LIMIT", 1]]
  ↳ app/controllers/users_controller.rb:8
  Rendering users/index.html.erb within layouts/application
  [1m[36mUser Load (0.5ms)[0m  [1m[34mSELECT "users".* FROM "users"[0m
  ↳ app/views/users/index.html.erb:2
  Rendered users/index.html.erb within layouts/application (2.1ms)
Completed 200 OK in 22ms (Views: 20.1ms | ActiveRecord: 0.8ms)


Started GET "/users/5" for ::1 at 2019-10-02 16:22:58 -0700
Processing by UsersController#show as HTML
  Parameters: {"id"=>"5"}
  [1m[36mUser Load (0.3ms)[0m  [1m[34mSELECT  "users".* FROM "users" WHERE "users"."id" = $1 LIMIT $2[0m  [["id", 5], ["LIMIT", 1]]
  ↳ app/controllers/users_controller.rb:8
  Rendering users/index.html.erb within layouts/application
  [1m[36mUser Load (0.5ms)[0m  [1m[34mSELECT "users".* FROM "users"[0m
  ↳ app/views/users/index.html.erb:2
  Rendered users/index.html.erb within layouts/application (1.7ms)
Completed 200 OK in 25ms (Views: 22.4ms | ActiveRecord: 0.8ms)


Started GET "/users/5" for ::1 at 2019-10-02 16:23:10 -0700
Processing by UsersController#show as HTML
  Parameters: {"id"=>"5"}
  [1m[36mUser Load (0.4ms)[0m  [1m[34mSELECT  "users".* FROM "users" WHERE "users"."id" = $1 LIMIT $2[0m  [["id", 5], ["LIMIT", 1]]
  ↳ app/controllers/users_controller.rb:8
  Rendering users/index.html.erb within layouts/application
  Rendered users/index.html.erb within layouts/application (3.7ms)
Completed 500 Internal Server Error in 23ms (ActiveRecord: 3.9ms)



NoMethodError - undefined method `each' for nil:NilClass:
  app/views/users/index.html.erb:2:in `_app_views_users_index_html_erb__2962919410272338547_70113275842080'
  app/controllers/users_controller.rb:14:in `show'

Started POST "/__better_errors/db91802214a06156/variables" for ::1 at 2019-10-02 16:23:11 -0700
Started GET "/users/5" for ::1 at 2019-10-02 16:23:45 -0700
Processing by UsersController#show as HTML
  Parameters: {"id"=>"5"}
  [1m[36mUser Load (0.2ms)[0m  [1m[34mSELECT  "users".* FROM "users" WHERE "users"."id" = $1 LIMIT $2[0m  [["id", 5], ["LIMIT", 1]]
  ↳ app/controllers/users_controller.rb:8
  Rendering users/index.html.erb within layouts/application
  [1m[36mUser Load (0.4ms)[0m  [1m[34mSELECT "users".* FROM "users"[0m
  ↳ app/views/users/index.html.erb:2
  Rendered users/index.html.erb within layouts/application (10.7ms)
Completed 200 OK in 37ms (Views: 25.6ms | ActiveRecord: 6.4ms)


Started GET "/users/5" for ::1 at 2019-10-02 16:24:03 -0700
Processing by UsersController#show as HTML
  Parameters: {"id"=>"5"}
  [1m[36mUser Load (0.4ms)[0m  [1m[34mSELECT  "users".* FROM "users" WHERE "users"."id" = $1 LIMIT $2[0m  [["id", 5], ["LIMIT", 1]]
  ↳ app/controllers/users_controller.rb:8
  [1m[36mUser Load (0.6ms)[0m  [1m[34mSELECT  "users".* FROM "users" ORDER BY "users"."id" ASC LIMIT $1[0m  [["LIMIT", 1]]
  ↳ app/controllers/users_controller.rb:13
  Rendering users/index.html.erb within layouts/application
  Rendered users/index.html.erb within layouts/application (11.9ms)
Completed 500 Internal Server Error in 50ms (ActiveRecord: 11.3ms)



NoMethodError - undefined method `each' for #<User:0x00007f8909ab1410>:
  app/views/users/index.html.erb:2:in `_app_views_users_index_html_erb__2962919410272338547_70113274693340'
  app/controllers/users_controller.rb:14:in `show'

Started POST "/__better_errors/33a9cde417b05a27/variables" for ::1 at 2019-10-02 16:24:03 -0700
Started GET "/users/5" for ::1 at 2019-10-02 16:24:43 -0700
Processing by UsersController#show as HTML
  Parameters: {"id"=>"5"}
  [1m[36mUser Load (0.4ms)[0m  [1m[34mSELECT  "users".* FROM "users" WHERE "users"."id" = $1 LIMIT $2[0m  [["id", 5], ["LIMIT", 1]]
  ↳ app/controllers/users_controller.rb:8
  Rendering users/index.html.erb within layouts/application
  Rendered users/index.html.erb within layouts/application (3.7ms)
Completed 500 Internal Server Error in 18ms (ActiveRecord: 3.8ms)



NoMethodError - undefined method `each' for nil:NilClass:
  app/views/users/index.html.erb:2:in `_app_views_users_index_html_erb__2962919410272338547_70113262772040'
  app/controllers/users_controller.rb:14:in `show'

Started POST "/__better_errors/e557ab4487f4ae27/variables" for ::1 at 2019-10-02 16:24:44 -0700
Started GET "/users/5" for ::1 at 2019-10-02 16:25:07 -0700
Processing by UsersController#show as HTML
  Parameters: {"id"=>"5"}
  [1m[36mUser Load (0.3ms)[0m  [1m[34mSELECT  "users".* FROM "users" WHERE "users"."id" = $1 LIMIT $2[0m  [["id", 5], ["LIMIT", 1]]
  ↳ app/controllers/users_controller.rb:8
  Rendering users/index.html.erb within layouts/application
  [1m[36mUser Load (0.6ms)[0m  [1m[34mSELECT "users".* FROM "users"[0m
  ↳ app/views/users/index.html.erb:2
  Rendered users/index.html.erb within layouts/application (20.9ms)
Completed 200 OK in 62ms (Views: 43.3ms | ActiveRecord: 9.5ms)


  [1m[36mUser Load (1.2ms)[0m  [1m[34mSELECT  "users".* FROM "users" WHERE "users"."id" = $1 LIMIT $2[0m  [["id", 1], ["LIMIT", 1]]
Started GET "/users/5" for ::1 at 2019-10-02 16:26:29 -0700
Processing by UsersController#show as HTML
  Parameters: {"id"=>"5"}
  [1m[36mUser Load (0.3ms)[0m  [1m[34mSELECT  "users".* FROM "users" WHERE "users"."id" = $1 LIMIT $2[0m  [["id", 5], ["LIMIT", 1]]
  ↳ app/controllers/users_controller.rb:8
  Rendering users/index.html.erb within layouts/application
  [1m[36mUser Load (0.5ms)[0m  [1m[34mSELECT "users".* FROM "users"[0m
  ↳ app/views/users/index.html.erb:2
  Rendered users/index.html.erb within layouts/application (14.3ms)
Completed 200 OK in 55ms (Views: 41.5ms | ActiveRecord: 6.6ms)


Started GET "/users" for ::1 at 2019-10-02 16:27:14 -0700
Processing by UsersController#index as HTML
  Rendering users/index.html.erb within layouts/application
  Rendered users/index.html.erb within layouts/application (0.5ms)
Completed 200 OK in 27ms (Views: 24.3ms | ActiveRecord: 0.0ms)


Started GET "/users/5" for ::1 at 2019-10-02 16:27:47 -0700
Processing by UsersController#show as HTML
  Parameters: {"id"=>"5"}
  [1m[36mUser Load (0.9ms)[0m  [1m[34mSELECT  "users".* FROM "users" WHERE "users"."id" = $1 LIMIT $2[0m  [["id", 5], ["LIMIT", 1]]
  ↳ app/controllers/users_controller.rb:8
  Rendering users/index.html.erb within layouts/application
  Rendered users/index.html.erb within layouts/application (5.5ms)
Completed 500 Internal Server Error in 23ms (ActiveRecord: 5.5ms)



NoMethodError - undefined method `each' for nil:NilClass:
  app/views/users/index.html.erb:2:in `_app_views_users_index_html_erb__2962919410272338547_70113263503640'
  app/controllers/users_controller.rb:14:in `show'

Started POST "/__better_errors/d14b5167c7a816e6/variables" for ::1 at 2019-10-02 16:27:47 -0700
Started GET "/users/5" for ::1 at 2019-10-02 16:28:37 -0700
Processing by UsersController#show as HTML
  Parameters: {"id"=>"5"}
  [1m[36mUser Load (0.3ms)[0m  [1m[34mSELECT  "users".* FROM "users" WHERE "users"."id" = $1 LIMIT $2[0m  [["id", 5], ["LIMIT", 1]]
  ↳ app/controllers/users_controller.rb:8
Redirected to http://localhost:3000/users
Completed 302 Found in 9ms (ActiveRecord: 3.3ms)


Started GET "/users" for ::1 at 2019-10-02 16:28:37 -0700
Processing by UsersController#index as HTML
  Rendering users/index.html.erb within layouts/application
  [1m[36mUser Load (0.5ms)[0m  [1m[34mSELECT "users".* FROM "users"[0m
  ↳ app/views/users/index.html.erb:2
  Rendered users/index.html.erb within layouts/application (11.0ms)
Completed 200 OK in 32ms (Views: 28.0ms | ActiveRecord: 4.1ms)


Started GET "/users/5" for ::1 at 2019-10-02 16:28:40 -0700
Processing by UsersController#show as HTML
  Parameters: {"id"=>"5"}
  [1m[36mUser Load (0.9ms)[0m  [1m[34mSELECT  "users".* FROM "users" WHERE "users"."id" = $1 LIMIT $2[0m  [["id", 5], ["LIMIT", 1]]
  ↳ app/controllers/users_controller.rb:8
Redirected to http://localhost:3000/users
Completed 302 Found in 3ms (ActiveRecord: 0.9ms)


Started GET "/users" for ::1 at 2019-10-02 16:28:40 -0700
Processing by UsersController#index as HTML
  Rendering users/index.html.erb within layouts/application
  [1m[36mUser Load (0.6ms)[0m  [1m[34mSELECT "users".* FROM "users"[0m
  ↳ app/views/users/index.html.erb:2
  Rendered users/index.html.erb within layouts/application (2.7ms)
Completed 200 OK in 27ms (Views: 25.7ms | ActiveRecord: 0.6ms)


Started GET "/users" for ::1 at 2019-10-02 16:28:40 -0700
Processing by UsersController#index as HTML
  Rendering users/index.html.erb within layouts/application
  [1m[36mUser Load (0.5ms)[0m  [1m[34mSELECT "users".* FROM "users"[0m
  ↳ app/views/users/index.html.erb:2
  Rendered users/index.html.erb within layouts/application (2.0ms)
Completed 200 OK in 27ms (Views: 26.6ms | ActiveRecord: 0.5ms)


Started GET "/users/5" for ::1 at 2019-10-02 16:28:44 -0700
Processing by UsersController#show as HTML
  Parameters: {"id"=>"5"}
  [1m[36mUser Load (0.5ms)[0m  [1m[34mSELECT  "users".* FROM "users" WHERE "users"."id" = $1 LIMIT $2[0m  [["id", 5], ["LIMIT", 1]]
  ↳ app/controllers/users_controller.rb:8
Redirected to http://localhost:3000/users
Completed 302 Found in 3ms (ActiveRecord: 0.5ms)


Started GET "/users" for ::1 at 2019-10-02 16:28:44 -0700
Processing by UsersController#index as HTML
  Rendering users/index.html.erb within layouts/application
  [1m[36mUser Load (0.4ms)[0m  [1m[34mSELECT "users".* FROM "users"[0m
  ↳ app/views/users/index.html.erb:2
  Rendered users/index.html.erb within layouts/application (2.1ms)
Completed 200 OK in 26ms (Views: 24.8ms | ActiveRecord: 0.4ms)


Started GET "/users" for ::1 at 2019-10-02 16:28:44 -0700
Processing by UsersController#index as HTML
  Rendering users/index.html.erb within layouts/application
  [1m[36mUser Load (1.1ms)[0m  [1m[34mSELECT "users".* FROM "users"[0m
  ↳ app/views/users/index.html.erb:2
  Rendered users/index.html.erb within layouts/application (3.7ms)
Completed 200 OK in 32ms (Views: 30.3ms | ActiveRecord: 1.1ms)


Started GET "/users" for ::1 at 2019-10-02 16:29:31 -0700
Processing by UsersController#index as HTML
  Rendering users/index.html.erb within layouts/application
  [1m[36mUser Load (0.4ms)[0m  [1m[34mSELECT "users".* FROM "users"[0m
  ↳ app/views/users/index.html.erb:3
  Rendered users/index.html.erb within layouts/application (16.7ms)
Completed 200 OK in 44ms (Views: 28.3ms | ActiveRecord: 6.5ms)


Started GET "/users" for ::1 at 2019-10-02 16:29:34 -0700
Processing by UsersController#index as HTML
  Rendering users/index.html.erb within layouts/application
  [1m[36mUser Load (0.4ms)[0m  [1m[34mSELECT "users".* FROM "users"[0m
  ↳ app/views/users/index.html.erb:3
  Rendered users/index.html.erb within layouts/application (2.0ms)
Completed 200 OK in 23ms (Views: 22.1ms | ActiveRecord: 0.4ms)


Started GET "/users" for ::1 at 2019-10-02 16:29:35 -0700
Processing by UsersController#index as HTML
  Rendering users/index.html.erb within layouts/application
  [1m[36mUser Load (0.5ms)[0m  [1m[34mSELECT "users".* FROM "users"[0m
  ↳ app/views/users/index.html.erb:3
  Rendered users/index.html.erb within layouts/application (2.2ms)
Completed 200 OK in 19ms (Views: 18.7ms | ActiveRecord: 0.5ms)


Started GET "/users/5" for ::1 at 2019-10-02 16:29:36 -0700
Processing by UsersController#show as HTML
  Parameters: {"id"=>"5"}
  [1m[36mUser Load (0.9ms)[0m  [1m[34mSELECT  "users".* FROM "users" WHERE "users"."id" = $1 LIMIT $2[0m  [["id", 5], ["LIMIT", 1]]
  ↳ app/controllers/users_controller.rb:8
Redirected to http://localhost:3000/users
Completed 302 Found in 4ms (ActiveRecord: 0.9ms)


Started GET "/users" for ::1 at 2019-10-02 16:29:36 -0700
Processing by UsersController#index as HTML
  Rendering users/index.html.erb within layouts/application
  [1m[36mUser Load (0.7ms)[0m  [1m[34mSELECT "users".* FROM "users"[0m
  ↳ app/views/users/index.html.erb:3
  Rendered users/index.html.erb within layouts/application (3.2ms)
Completed 200 OK in 26ms (Views: 25.4ms | ActiveRecord: 0.7ms)


Started GET "/users" for ::1 at 2019-10-02 16:29:36 -0700
Processing by UsersController#index as HTML
  Rendering users/index.html.erb within layouts/application
  [1m[36mUser Load (0.5ms)[0m  [1m[34mSELECT "users".* FROM "users"[0m
  ↳ app/views/users/index.html.erb:3
  Rendered users/index.html.erb within layouts/application (2.5ms)
Completed 200 OK in 28ms (Views: 27.0ms | ActiveRecord: 0.5ms)


Started GET "/users/5" for ::1 at 2019-10-02 16:29:44 -0700
Processing by UsersController#show as HTML
  Parameters: {"id"=>"5"}
  [1m[36mUser Load (1.0ms)[0m  [1m[34mSELECT  "users".* FROM "users" WHERE "users"."id" = $1 LIMIT $2[0m  [["id", 5], ["LIMIT", 1]]
  ↳ app/controllers/users_controller.rb:8
Redirected to http://localhost:3000/users
Completed 302 Found in 3ms (ActiveRecord: 1.0ms)


Started GET "/users" for ::1 at 2019-10-02 16:29:44 -0700
Processing by UsersController#index as HTML
  Rendering users/index.html.erb within layouts/application
  [1m[36mUser Load (0.4ms)[0m  [1m[34mSELECT "users".* FROM "users"[0m
  ↳ app/views/users/index.html.erb:4
  Rendered users/index.html.erb within layouts/application (2.4ms)
Completed 200 OK in 34ms (Views: 32.8ms | ActiveRecord: 0.4ms)


Started GET "/users/5" for ::1 at 2019-10-02 16:29:47 -0700
Processing by UsersController#show as HTML
  Parameters: {"id"=>"5"}
  [1m[36mUser Load (0.4ms)[0m  [1m[34mSELECT  "users".* FROM "users" WHERE "users"."id" = $1 LIMIT $2[0m  [["id", 5], ["LIMIT", 1]]
  ↳ app/controllers/users_controller.rb:8
Redirected to http://localhost:3000/users
Completed 302 Found in 2ms (ActiveRecord: 0.4ms)


Started GET "/users" for ::1 at 2019-10-02 16:29:47 -0700
Processing by UsersController#index as HTML
  Rendering users/index.html.erb within layouts/application
  [1m[36mUser Load (0.5ms)[0m  [1m[34mSELECT "users".* FROM "users"[0m
  ↳ app/views/users/index.html.erb:4
  Rendered users/index.html.erb within layouts/application (2.2ms)
Completed 200 OK in 23ms (Views: 21.8ms | ActiveRecord: 0.5ms)


Started GET "/users" for ::1 at 2019-10-02 16:29:47 -0700
Processing by UsersController#index as HTML
  Rendering users/index.html.erb within layouts/application
  [1m[36mUser Load (0.6ms)[0m  [1m[34mSELECT "users".* FROM "users"[0m
  ↳ app/views/users/index.html.erb:4
  Rendered users/index.html.erb within layouts/application (2.8ms)
Completed 200 OK in 31ms (Views: 29.6ms | ActiveRecord: 0.6ms)


Started GET "/users" for ::1 at 2019-10-02 16:29:49 -0700
Processing by UsersController#index as HTML
  Rendering users/index.html.erb within layouts/application
  [1m[36mUser Load (0.7ms)[0m  [1m[34mSELECT "users".* FROM "users"[0m
  ↳ app/views/users/index.html.erb:4
  Rendered users/index.html.erb within layouts/application (3.5ms)
Completed 200 OK in 32ms (Views: 30.8ms | ActiveRecord: 0.7ms)


Started GET "/users/5" for ::1 at 2019-10-02 16:29:58 -0700
Processing by UsersController#show as HTML
  Parameters: {"id"=>"5"}
  [1m[36mUser Load (1.5ms)[0m  [1m[34mSELECT  "users".* FROM "users" WHERE "users"."id" = $1 LIMIT $2[0m  [["id", 5], ["LIMIT", 1]]
  ↳ app/controllers/users_controller.rb:8
Redirected to http://localhost:3000/users
Completed 302 Found in 4ms (ActiveRecord: 1.5ms)


Started GET "/users" for ::1 at 2019-10-02 16:29:58 -0700
Processing by UsersController#index as HTML
  Rendering users/index.html.erb within layouts/application
  [1m[36mUser Load (0.4ms)[0m  [1m[34mSELECT "users".* FROM "users"[0m
  ↳ app/views/users/index.html.erb:4
  Rendered users/index.html.erb within layouts/application (2.6ms)
Completed 200 OK in 29ms (Views: 28.7ms | ActiveRecord: 0.4ms)


Started GET "/users/5" for ::1 at 2019-10-02 16:30:07 -0700
Processing by UsersController#show as HTML
  Parameters: {"id"=>"5"}
  [1m[36mUser Load (0.6ms)[0m  [1m[34mSELECT  "users".* FROM "users" WHERE "users"."id" = $1 LIMIT $2[0m  [["id", 5], ["LIMIT", 1]]
  ↳ app/controllers/users_controller.rb:8
Redirected to http://localhost:3000/users
Completed 302 Found in 3ms (ActiveRecord: 0.6ms)


Started GET "/users" for ::1 at 2019-10-02 16:30:07 -0700
Processing by UsersController#index as HTML
  Rendering users/index.html.erb within layouts/application
  [1m[36mUser Load (0.4ms)[0m  [1m[34mSELECT "users".* FROM "users"[0m
  ↳ app/views/users/index.html.erb:5
  Rendered users/index.html.erb within layouts/application (2.4ms)
Completed 200 OK in 29ms (Views: 28.2ms | ActiveRecord: 0.4ms)


Started GET "/users" for ::1 at 2019-10-02 16:30:37 -0700
Processing by UsersController#index as HTML
  Rendering users/index.html.erb within layouts/application
  [1m[36mUser Load (0.6ms)[0m  [1m[34mSELECT "users".* FROM "users"[0m
  ↳ app/views/users/index.html.erb:5
  Rendered users/index.html.erb within layouts/application (2.4ms)
Completed 200 OK in 24ms (Views: 23.4ms | ActiveRecord: 0.6ms)


Started GET "/users/5" for ::1 at 2019-10-02 16:30:41 -0700
Processing by UsersController#show as HTML
  Parameters: {"id"=>"5"}
  [1m[36mUser Load (0.4ms)[0m  [1m[34mSELECT  "users".* FROM "users" WHERE "users"."id" = $1 LIMIT $2[0m  [["id", 5], ["LIMIT", 1]]
  ↳ app/controllers/users_controller.rb:8
Redirected to http://localhost:3000/users
Completed 302 Found in 2ms (ActiveRecord: 0.4ms)


Started GET "/users" for ::1 at 2019-10-02 16:30:41 -0700
Processing by UsersController#index as HTML
  Rendering users/index.html.erb within layouts/application
  [1m[36mUser Load (0.6ms)[0m  [1m[34mSELECT "users".* FROM "users"[0m
  ↳ app/views/users/index.html.erb:5
  Rendered users/index.html.erb within layouts/application (2.6ms)
Completed 200 OK in 25ms (Views: 23.9ms | ActiveRecord: 0.6ms)


Started GET "/users" for ::1 at 2019-10-02 16:30:41 -0700
Processing by UsersController#index as HTML
  Rendering users/index.html.erb within layouts/application
  [1m[36mUser Load (0.6ms)[0m  [1m[34mSELECT "users".* FROM "users"[0m
  ↳ app/views/users/index.html.erb:5
  Rendered users/index.html.erb within layouts/application (2.5ms)
Completed 200 OK in 26ms (Views: 24.8ms | ActiveRecord: 0.6ms)


Started GET "/users/5" for ::1 at 2019-10-02 16:30:55 -0700
Processing by UsersController#show as HTML
  Parameters: {"id"=>"5"}
  [1m[36mUser Load (0.3ms)[0m  [1m[34mSELECT  "users".* FROM "users" WHERE "users"."id" = $1 LIMIT $2[0m  [["id", 5], ["LIMIT", 1]]
  ↳ app/controllers/users_controller.rb:8
Redirected to http://localhost:3000/users
Completed 302 Found in 14ms (ActiveRecord: 4.0ms)


Started GET "/users" for ::1 at 2019-10-02 16:30:55 -0700
Processing by UsersController#index as HTML
  Rendering users/index.html.erb within layouts/application
  [1m[36mUser Load (0.5ms)[0m  [1m[34mSELECT "users".* FROM "users"[0m
  ↳ app/views/users/index.html.erb:5
  Rendered users/index.html.erb within layouts/application (16.0ms)
Completed 200 OK in 57ms (Views: 50.0ms | ActiveRecord: 6.4ms)


Started GET "/users" for ::1 at 2019-10-02 16:30:56 -0700
Processing by UsersController#index as HTML
  Rendering users/index.html.erb within layouts/application
  [1m[36mUser Load (0.6ms)[0m  [1m[34mSELECT "users".* FROM "users"[0m
  ↳ app/views/users/index.html.erb:5
  Rendered users/index.html.erb within layouts/application (3.0ms)
Completed 200 OK in 26ms (Views: 24.7ms | ActiveRecord: 0.6ms)


